2014-05-13 18:08:47,447 - SimpleLog4JLogSystem initialized using logfile 'velocity.log'
2014-05-13 18:08:47,447 - ************************************************************** 
2014-05-13 18:08:47,447 - Starting Jakarta Velocity v1.4
2014-05-13 18:08:47,447 - RuntimeInstance initializing.
2014-05-13 18:08:47,447 - Default Properties File: org\apache\velocity\runtime\defaults\velocity.properties
2014-05-13 18:08:47,447 - Trying to use logger class org.apache.velocity.runtime.log.SimpleLog4JLogSystem
2014-05-13 18:08:47,447 - Using logger class org.apache.velocity.runtime.log.SimpleLog4JLogSystem
2014-05-13 18:08:47,447 - Default ResourceManager initializing. (class org.apache.velocity.runtime.resource.ResourceManagerImpl)
2014-05-13 18:08:47,447 - Resource Loader Instantiated: org.apache.velocity.runtime.resource.loader.ClasspathResourceLoader
2014-05-13 18:08:47,447 - ClasspathResourceLoader : initialization starting.
2014-05-13 18:08:47,447 - ClasspathResourceLoader : initialization complete.
2014-05-13 18:08:47,447 - ResourceCache : initialized. (class org.apache.velocity.runtime.resource.ResourceCacheImpl)
2014-05-13 18:08:47,447 - Default ResourceManager initialization complete.
2014-05-13 18:08:47,447 - Loaded System Directive: org.apache.velocity.runtime.directive.Literal
2014-05-13 18:08:47,447 - Loaded System Directive: org.apache.velocity.runtime.directive.Macro
2014-05-13 18:08:47,462 - Loaded System Directive: org.apache.velocity.runtime.directive.Parse
2014-05-13 18:08:47,462 - Loaded System Directive: org.apache.velocity.runtime.directive.Include
2014-05-13 18:08:47,462 - Loaded System Directive: org.apache.velocity.runtime.directive.Foreach
2014-05-13 18:08:47,478 - Created: 20 parsers.
2014-05-13 18:08:47,494 - Velocimacro : initialization starting.
2014-05-13 18:08:47,494 - Velocimacro : adding VMs from VM library template : VM_global_library.vm
2014-05-13 18:08:47,494 - ResourceManager : unable to find resource 'VM_global_library.vm' in any resource loader.
2014-05-13 18:08:47,494 - Velocimacro : error using  VM library template VM_global_library.vm : org.apache.velocity.exception.ResourceNotFoundException: Unable to find resource 'VM_global_library.vm'
2014-05-13 18:08:47,494 - Velocimacro :  VM library template macro registration complete.
2014-05-13 18:08:47,494 - Velocimacro : allowInline = true : VMs can be defined inline in templates
2014-05-13 18:08:47,494 - Velocimacro : allowInlineToOverride = false : VMs defined inline may NOT replace previous VM definitions
2014-05-13 18:08:47,494 - Velocimacro : allowInlineLocal = false : VMs defined inline will be  global in scope if allowed.
2014-05-13 18:08:47,494 - Velocimacro : messages on  : VM system will output logging messages
2014-05-13 18:08:47,494 - Velocimacro : autoload off  : VM system will not automatically reload global library macros
2014-05-13 18:08:47,494 - Velocimacro : initialization complete.
2014-05-13 18:08:47,494 - Velocity successfully started.
2014-05-13 18:08:56,729 - ResourceManager : found repast/simphony/scenario/Scenario.vt with loader org.apache.velocity.runtime.resource.loader.ClasspathResourceLoader
2015-04-22 13:00:09,825 - SimpleLog4JLogSystem initialized using logfile 'velocity.log'
2015-04-22 13:00:09,826 - ************************************************************** 
2015-04-22 13:00:09,826 - Starting Jakarta Velocity v1.4
2015-04-22 13:00:09,826 - RuntimeInstance initializing.
2015-04-22 13:00:09,826 - Default Properties File: org\apache\velocity\runtime\defaults\velocity.properties
2015-04-22 13:00:09,826 - Trying to use logger class org.apache.velocity.runtime.log.SimpleLog4JLogSystem
2015-04-22 13:00:09,826 - Using logger class org.apache.velocity.runtime.log.SimpleLog4JLogSystem
2015-04-22 13:00:09,830 - Default ResourceManager initializing. (class org.apache.velocity.runtime.resource.ResourceManagerImpl)
2015-04-22 13:00:09,833 - Resource Loader Instantiated: org.apache.velocity.runtime.resource.loader.ClasspathResourceLoader
2015-04-22 13:00:09,833 - ClasspathResourceLoader : initialization starting.
2015-04-22 13:00:09,833 - ClasspathResourceLoader : initialization complete.
2015-04-22 13:00:09,836 - ResourceCache : initialized. (class org.apache.velocity.runtime.resource.ResourceCacheImpl)
2015-04-22 13:00:09,836 - Default ResourceManager initialization complete.
2015-04-22 13:00:09,841 - Loaded System Directive: org.apache.velocity.runtime.directive.Literal
2015-04-22 13:00:09,843 - Loaded System Directive: org.apache.velocity.runtime.directive.Macro
2015-04-22 13:00:09,847 - Loaded System Directive: org.apache.velocity.runtime.directive.Parse
2015-04-22 13:00:09,849 - Loaded System Directive: org.apache.velocity.runtime.directive.Include
2015-04-22 13:00:09,851 - Loaded System Directive: org.apache.velocity.runtime.directive.Foreach
2015-04-22 13:00:09,897 - Created: 20 parsers.
2015-04-22 13:00:09,913 - Velocimacro : initialization starting.
2015-04-22 13:00:09,913 - Velocimacro : adding VMs from VM library template : VM_global_library.vm
2015-04-22 13:00:09,926 - ResourceManager : unable to find resource 'VM_global_library.vm' in any resource loader.
2015-04-22 13:00:09,926 - Velocimacro : error using  VM library template VM_global_library.vm : org.apache.velocity.exception.ResourceNotFoundException: Unable to find resource 'VM_global_library.vm'
2015-04-22 13:00:09,926 - Velocimacro :  VM library template macro registration complete.
2015-04-22 13:00:09,926 - Velocimacro : allowInline = true : VMs can be defined inline in templates
2015-04-22 13:00:09,926 - Velocimacro : allowInlineToOverride = false : VMs defined inline may NOT replace previous VM definitions
2015-04-22 13:00:09,926 - Velocimacro : allowInlineLocal = false : VMs defined inline will be  global in scope if allowed.
2015-04-22 13:00:09,926 - Velocimacro : messages on  : VM system will output logging messages
2015-04-22 13:00:09,926 - Velocimacro : autoload off  : VM system will not automatically reload global library macros
2015-04-22 13:00:09,926 - Velocimacro : initialization complete.
2015-04-22 13:00:09,926 - Velocity successfully started.
