2016-12-05 00:02:33,591 - Default ResourceManager initialization complete.
2016-12-05 00:02:33,616 - Loaded System Directive: org.apache.velocity.runtime.directive.Literal
2016-12-05 00:02:33,626 - Loaded System Directive: org.apache.velocity.runtime.directive.Macro
2016-12-05 00:02:33,639 - Loaded System Directive: org.apache.velocity.runtime.directive.Parse
2016-12-05 00:02:33,649 - Loaded System Directive: org.apache.velocity.runtime.directive.Include
2016-12-05 00:02:33,653 - Loaded System Directive: org.apache.velocity.runtime.directive.Foreach
2016-12-05 00:02:33,773 - Created: 20 parsers.
2016-12-05 00:02:33,825 - Velocimacro : initialization starting.
2016-12-05 00:02:33,826 - Velocimacro : adding VMs from VM library template : VM_global_library.vm
2016-12-05 00:02:33,897 - ResourceManager : unable to find resource 'VM_global_library.vm' in any resource loader.
2016-12-05 00:02:33,897 - Velocimacro : error using  VM library template VM_global_library.vm : org.apache.velocity.exception.ResourceNotFoundException: Unable to find resource 'VM_global_library.vm'
2016-12-05 00:02:33,897 - Velocimacro :  VM library template macro registration complete.
2016-12-05 00:02:33,897 - Velocimacro : allowInline = true : VMs can be defined inline in templates
2016-12-05 00:02:33,898 - Velocimacro : allowInlineToOverride = false : VMs defined inline may NOT replace previous VM definitions
2016-12-05 00:02:33,898 - Velocimacro : allowInlineLocal = false : VMs defined inline will be  global in scope if allowed.
2016-12-05 00:02:33,898 - Velocimacro : messages on  : VM system will output logging messages
2016-12-05 00:02:33,898 - Velocimacro : autoload off  : VM system will not automatically reload global library macros
2016-12-05 00:02:33,898 - Velocimacro : initialization complete.
2016-12-05 00:02:33,898 - Velocity successfully started.
2016-12-05 00:16:42,916 - SimpleLog4JLogSystem initialized using logfile 'velocity.log'
2016-12-05 00:16:42,917 - ************************************************************** 
2016-12-05 00:16:42,917 - Starting Jakarta Velocity v1.4
2016-12-05 00:16:42,917 - RuntimeInstance initializing.
2016-12-05 00:16:42,918 - Default Properties File: org\apache\velocity\runtime\defaults\velocity.properties
2016-12-05 00:16:42,918 - Trying to use logger class org.apache.velocity.runtime.log.SimpleLog4JLogSystem
2016-12-05 00:16:42,918 - Using logger class org.apache.velocity.runtime.log.SimpleLog4JLogSystem
2016-12-05 00:16:42,924 - Default ResourceManager initializing. (class org.apache.velocity.runtime.resource.ResourceManagerImpl)
2016-12-05 00:16:42,930 - Resource Loader Instantiated: org.apache.velocity.runtime.resource.loader.ClasspathResourceLoader
2016-12-05 00:16:42,931 - ClasspathResourceLoader : initialization starting.
2016-12-05 00:16:42,931 - ClasspathResourceLoader : initialization complete.
2016-12-05 00:16:42,934 - ResourceCache : initialized. (class org.apache.velocity.runtime.resource.ResourceCacheImpl)
2016-12-05 00:16:42,935 - Default ResourceManager initialization complete.
2016-12-05 00:16:42,944 - Loaded System Directive: org.apache.velocity.runtime.directive.Literal
2016-12-05 00:16:42,949 - Loaded System Directive: org.apache.velocity.runtime.directive.Macro
2016-12-05 00:16:42,957 - Loaded System Directive: org.apache.velocity.runtime.directive.Parse
2016-12-05 00:16:42,962 - Loaded System Directive: org.apache.velocity.runtime.directive.Include
2016-12-05 00:16:42,964 - Loaded System Directive: org.apache.velocity.runtime.directive.Foreach
2016-12-05 00:16:43,021 - Created: 20 parsers.
2016-12-05 00:16:43,041 - Velocimacro : initialization starting.
2016-12-05 00:16:43,042 - Velocimacro : adding VMs from VM library template : VM_global_library.vm
2016-12-05 00:16:43,070 - ResourceManager : unable to find resource 'VM_global_library.vm' in any resource loader.
2016-12-05 00:16:43,070 - Velocimacro : error using  VM library template VM_global_library.vm : org.apache.velocity.exception.ResourceNotFoundException: Unable to find resource 'VM_global_library.vm'
2016-12-05 00:16:43,070 - Velocimacro :  VM library template macro registration complete.
2016-12-05 00:16:43,070 - Velocimacro : allowInline = true : VMs can be defined inline in templates
2016-12-05 00:16:43,070 - Velocimacro : allowInlineToOverride = false : VMs defined inline may NOT replace previous VM definitions
2016-12-05 00:16:43,070 - Velocimacro : allowInlineLocal = false : VMs defined inline will be  global in scope if allowed.
2016-12-05 00:16:43,071 - Velocimacro : messages on  : VM system will output logging messages
2016-12-05 00:16:43,071 - Velocimacro : autoload off  : VM system will not automatically reload global library macros
2016-12-05 00:16:43,071 - Velocimacro : initialization complete.
2016-12-05 00:16:43,071 - Velocity successfully started.
2016-12-05 00:19:32,561 - SimpleLog4JLogSystem initialized using logfile 'velocity.log'
2016-12-05 00:19:32,562 - ************************************************************** 
2016-12-05 00:19:32,562 - Starting Jakarta Velocity v1.4
2016-12-05 00:19:32,562 - RuntimeInstance initializing.
2016-12-05 00:19:32,562 - Default Properties File: org\apache\velocity\runtime\defaults\velocity.properties
2016-12-05 00:19:32,562 - Trying to use logger class org.apache.velocity.runtime.log.SimpleLog4JLogSystem
2016-12-05 00:19:32,562 - Using logger class org.apache.velocity.runtime.log.SimpleLog4JLogSystem
2016-12-05 00:19:32,566 - Default ResourceManager initializing. (class org.apache.velocity.runtime.resource.ResourceManagerImpl)
2016-12-05 00:19:32,572 - Resource Loader Instantiated: org.apache.velocity.runtime.resource.loader.ClasspathResourceLoader
2016-12-05 00:19:32,572 - ClasspathResourceLoader : initialization starting.
2016-12-05 00:19:32,572 - ClasspathResourceLoader : initialization complete.
2016-12-05 00:19:32,574 - ResourceCache : initialized. (class org.apache.velocity.runtime.resource.ResourceCacheImpl)
2016-12-05 00:19:32,574 - Default ResourceManager initialization complete.
2016-12-05 00:19:32,579 - Loaded System Directive: org.apache.velocity.runtime.directive.Literal
2016-12-05 00:19:32,582 - Loaded System Directive: org.apache.velocity.runtime.directive.Macro
2016-12-05 00:19:32,590 - Loaded System Directive: org.apache.velocity.runtime.directive.Parse
2016-12-05 00:19:32,593 - Loaded System Directive: org.apache.velocity.runtime.directive.Include
2016-12-05 00:19:32,594 - Loaded System Directive: org.apache.velocity.runtime.directive.Foreach
2016-12-05 00:19:32,632 - Created: 20 parsers.
2016-12-05 00:19:32,645 - Velocimacro : initialization starting.
2016-12-05 00:19:32,645 - Velocimacro : adding VMs from VM library template : VM_global_library.vm
2016-12-05 00:19:32,665 - ResourceManager : unable to find resource 'VM_global_library.vm' in any resource loader.
2016-12-05 00:19:32,665 - Velocimacro : error using  VM library template VM_global_library.vm : org.apache.velocity.exception.ResourceNotFoundException: Unable to find resource 'VM_global_library.vm'
2016-12-05 00:19:32,665 - Velocimacro :  VM library template macro registration complete.
2016-12-05 00:19:32,665 - Velocimacro : allowInline = true : VMs can be defined inline in templates
2016-12-05 00:19:32,666 - Velocimacro : allowInlineToOverride = false : VMs defined inline may NOT replace previous VM definitions
2016-12-05 00:19:32,666 - Velocimacro : allowInlineLocal = false : VMs defined inline will be  global in scope if allowed.
2016-12-05 00:19:32,666 - Velocimacro : messages on  : VM system will output logging messages
2016-12-05 00:19:32,666 - Velocimacro : autoload off  : VM system will not automatically reload global library macros
2016-12-05 00:19:32,666 - Velocimacro : initialization complete.
2016-12-05 00:19:32,666 - Velocity successfully started.
2016-12-05 00:20:35,896 - SimpleLog4JLogSystem initialized using logfile 'velocity.log'
2016-12-05 00:20:35,898 - ************************************************************** 
2016-12-05 00:20:35,898 - Starting Jakarta Velocity v1.4
2016-12-05 00:20:35,898 - RuntimeInstance initializing.
2016-12-05 00:20:35,898 - Default Properties File: org\apache\velocity\runtime\defaults\velocity.properties
2016-12-05 00:20:35,898 - Trying to use logger class org.apache.velocity.runtime.log.SimpleLog4JLogSystem
2016-12-05 00:20:35,898 - Using logger class org.apache.velocity.runtime.log.SimpleLog4JLogSystem
2016-12-05 00:20:35,905 - Default ResourceManager initializing. (class org.apache.velocity.runtime.resource.ResourceManagerImpl)
2016-12-05 00:20:35,911 - Resource Loader Instantiated: org.apache.velocity.runtime.resource.loader.ClasspathResourceLoader
2016-12-05 00:20:35,911 - ClasspathResourceLoader : initialization starting.
2016-12-05 00:20:35,911 - ClasspathResourceLoader : initialization complete.
2016-12-05 00:20:35,915 - ResourceCache : initialized. (class org.apache.velocity.runtime.resource.ResourceCacheImpl)
2016-12-05 00:20:35,915 - Default ResourceManager initialization complete.
2016-12-05 00:20:35,921 - Loaded System Directive: org.apache.velocity.runtime.directive.Literal
2016-12-05 00:20:35,925 - Loaded System Directive: org.apache.velocity.runtime.directive.Macro
2016-12-05 00:20:35,933 - Loaded System Directive: org.apache.velocity.runtime.directive.Parse
2016-12-05 00:20:35,937 - Loaded System Directive: org.apache.velocity.runtime.directive.Include
2016-12-05 00:20:35,939 - Loaded System Directive: org.apache.velocity.runtime.directive.Foreach
2016-12-05 00:20:36,002 - Created: 20 parsers.
2016-12-05 00:20:36,018 - Velocimacro : initialization starting.
2016-12-05 00:20:36,018 - Velocimacro : adding VMs from VM library template : VM_global_library.vm
2016-12-05 00:20:36,044 - ResourceManager : unable to find resource 'VM_global_library.vm' in any resource loader.
2016-12-05 00:20:36,044 - Velocimacro : error using  VM library template VM_global_library.vm : org.apache.velocity.exception.ResourceNotFoundException: Unable to find resource 'VM_global_library.vm'
2016-12-05 00:20:36,044 - Velocimacro :  VM library template macro registration complete.
2016-12-05 00:20:36,044 - Velocimacro : allowInline = true : VMs can be defined inline in templates
2016-12-05 00:20:36,044 - Velocimacro : allowInlineToOverride = false : VMs defined inline may NOT replace previous VM definitions
2016-12-05 00:20:36,044 - Velocimacro : allowInlineLocal = false : VMs defined inline will be  global in scope if allowed.
2016-12-05 00:20:36,045 - Velocimacro : messages on  : VM system will output logging messages
2016-12-05 00:20:36,045 - Velocimacro : autoload off  : VM system will not automatically reload global library macros
2016-12-05 00:20:36,045 - Velocimacro : initialization complete.
2016-12-05 00:20:36,045 - Velocity successfully started.
