2014-05-13 17:40:24,464 - SimpleLog4JLogSystem initialized using logfile 'velocity.log'
2014-05-13 17:40:24,464 - ************************************************************** 
2014-05-13 17:40:24,464 - Starting Jakarta Velocity v1.4
2014-05-13 17:40:24,464 - RuntimeInstance initializing.
2014-05-13 17:40:24,464 - Default Properties File: org\apache\velocity\runtime\defaults\velocity.properties
2014-05-13 17:40:24,464 - Trying to use logger class org.apache.velocity.runtime.log.SimpleLog4JLogSystem
2014-05-13 17:40:24,464 - Using logger class org.apache.velocity.runtime.log.SimpleLog4JLogSystem
2014-05-13 17:40:24,480 - Default ResourceManager initializing. (class org.apache.velocity.runtime.resource.ResourceManagerImpl)
2014-05-13 17:40:24,480 - Resource Loader Instantiated: org.apache.velocity.runtime.resource.loader.ClasspathResourceLoader
2014-05-13 17:40:24,480 - ClasspathResourceLoader : initialization starting.
2014-05-13 17:40:24,480 - ClasspathResourceLoader : initialization complete.
2014-05-13 17:40:24,480 - ResourceCache : initialized. (class org.apache.velocity.runtime.resource.ResourceCacheImpl)
2014-05-13 17:40:24,480 - Default ResourceManager initialization complete.
2014-05-13 17:40:24,480 - Loaded System Directive: org.apache.velocity.runtime.directive.Literal
2014-05-13 17:40:24,480 - Loaded System Directive: org.apache.velocity.runtime.directive.Macro
2014-05-13 17:40:24,480 - Loaded System Directive: org.apache.velocity.runtime.directive.Parse
2014-05-13 17:40:24,480 - Loaded System Directive: org.apache.velocity.runtime.directive.Include
2014-05-13 17:40:24,495 - Loaded System Directive: org.apache.velocity.runtime.directive.Foreach
2014-05-13 17:40:24,511 - Created: 20 parsers.
2014-05-13 17:40:24,526 - Velocimacro : initialization starting.
2014-05-13 17:40:24,526 - Velocimacro : adding VMs from VM library template : VM_global_library.vm
2014-05-13 17:40:24,526 - ResourceManager : unable to find resource 'VM_global_library.vm' in any resource loader.
2014-05-13 17:40:24,526 - Velocimacro : error using  VM library template VM_global_library.vm : org.apache.velocity.exception.ResourceNotFoundException: Unable to find resource 'VM_global_library.vm'
2014-05-13 17:40:24,526 - Velocimacro :  VM library template macro registration complete.
2014-05-13 17:40:24,526 - Velocimacro : allowInline = true : VMs can be defined inline in templates
2014-05-13 17:40:24,526 - Velocimacro : allowInlineToOverride = false : VMs defined inline may NOT replace previous VM definitions
2014-05-13 17:40:24,526 - Velocimacro : allowInlineLocal = false : VMs defined inline will be  global in scope if allowed.
2014-05-13 17:40:24,526 - Velocimacro : messages on  : VM system will output logging messages
2014-05-13 17:40:24,526 - Velocimacro : autoload off  : VM system will not automatically reload global library macros
2014-05-13 17:40:24,526 - Velocimacro : initialization complete.
2014-05-13 17:40:24,526 - Velocity successfully started.
2014-05-13 17:40:34,276 - ResourceManager : found repast/simphony/scenario/Scenario.vt with loader org.apache.velocity.runtime.resource.loader.ClasspathResourceLoader
2014-05-13 17:40:58,270 - SimpleLog4JLogSystem initialized using logfile 'velocity.log'
2014-05-13 17:40:58,270 - ************************************************************** 
2014-05-13 17:40:58,270 - Starting Jakarta Velocity v1.4
2014-05-13 17:40:58,270 - RuntimeInstance initializing.
2014-05-13 17:40:58,270 - Default Properties File: org\apache\velocity\runtime\defaults\velocity.properties
2014-05-13 17:40:58,270 - Trying to use logger class org.apache.velocity.runtime.log.SimpleLog4JLogSystem
2014-05-13 17:40:58,270 - Using logger class org.apache.velocity.runtime.log.SimpleLog4JLogSystem
2014-05-13 17:40:58,270 - Default ResourceManager initializing. (class org.apache.velocity.runtime.resource.ResourceManagerImpl)
2014-05-13 17:40:58,286 - Resource Loader Instantiated: org.apache.velocity.runtime.resource.loader.ClasspathResourceLoader
2014-05-13 17:40:58,286 - ClasspathResourceLoader : initialization starting.
2014-05-13 17:40:58,286 - ClasspathResourceLoader : initialization complete.
2014-05-13 17:40:58,286 - ResourceCache : initialized. (class org.apache.velocity.runtime.resource.ResourceCacheImpl)
2014-05-13 17:40:58,286 - Default ResourceManager initialization complete.
2014-05-13 17:40:58,286 - Loaded System Directive: org.apache.velocity.runtime.directive.Literal
2014-05-13 17:40:58,286 - Loaded System Directive: org.apache.velocity.runtime.directive.Macro
2014-05-13 17:40:58,286 - Loaded System Directive: org.apache.velocity.runtime.directive.Parse
2014-05-13 17:40:58,286 - Loaded System Directive: org.apache.velocity.runtime.directive.Include
2014-05-13 17:40:58,286 - Loaded System Directive: org.apache.velocity.runtime.directive.Foreach
2014-05-13 17:40:58,317 - Created: 20 parsers.
2014-05-13 17:40:58,333 - Velocimacro : initialization starting.
2014-05-13 17:40:58,333 - Velocimacro : adding VMs from VM library template : VM_global_library.vm
2014-05-13 17:40:58,333 - ResourceManager : unable to find resource 'VM_global_library.vm' in any resource loader.
2014-05-13 17:40:58,333 - Velocimacro : error using  VM library template VM_global_library.vm : org.apache.velocity.exception.ResourceNotFoundException: Unable to find resource 'VM_global_library.vm'
2014-05-13 17:40:58,333 - Velocimacro :  VM library template macro registration complete.
2014-05-13 17:40:58,333 - Velocimacro : allowInline = true : VMs can be defined inline in templates
2014-05-13 17:40:58,333 - Velocimacro : allowInlineToOverride = false : VMs defined inline may NOT replace previous VM definitions
2014-05-13 17:40:58,333 - Velocimacro : allowInlineLocal = false : VMs defined inline will be  global in scope if allowed.
2014-05-13 17:40:58,333 - Velocimacro : messages on  : VM system will output logging messages
2014-05-13 17:40:58,333 - Velocimacro : autoload off  : VM system will not automatically reload global library macros
2014-05-13 17:40:58,333 - Velocimacro : initialization complete.
2014-05-13 17:40:58,333 - Velocity successfully started.
2015-04-14 14:34:00,519 - SimpleLog4JLogSystem initialized using logfile 'velocity.log'
2015-04-14 14:34:00,519 - ************************************************************** 
2015-04-14 14:34:00,519 - Starting Jakarta Velocity v1.4
2015-04-14 14:34:00,519 - RuntimeInstance initializing.
2015-04-14 14:34:00,519 - Default Properties File: org\apache\velocity\runtime\defaults\velocity.properties
2015-04-14 14:34:00,519 - Trying to use logger class org.apache.velocity.runtime.log.SimpleLog4JLogSystem
2015-04-14 14:34:00,519 - Using logger class org.apache.velocity.runtime.log.SimpleLog4JLogSystem
2015-04-14 14:34:00,519 - Default ResourceManager initializing. (class org.apache.velocity.runtime.resource.ResourceManagerImpl)
2015-04-14 14:34:00,534 - Resource Loader Instantiated: org.apache.velocity.runtime.resource.loader.ClasspathResourceLoader
2015-04-14 14:34:00,534 - ClasspathResourceLoader : initialization starting.
2015-04-14 14:34:00,534 - ClasspathResourceLoader : initialization complete.
2015-04-14 14:34:00,534 - ResourceCache : initialized. (class org.apache.velocity.runtime.resource.ResourceCacheImpl)
2015-04-14 14:34:00,534 - Default ResourceManager initialization complete.
2015-04-14 14:34:00,534 - Loaded System Directive: org.apache.velocity.runtime.directive.Literal
2015-04-14 14:34:00,550 - Loaded System Directive: org.apache.velocity.runtime.directive.Macro
2015-04-14 14:34:00,550 - Loaded System Directive: org.apache.velocity.runtime.directive.Parse
2015-04-14 14:34:00,565 - Loaded System Directive: org.apache.velocity.runtime.directive.Include
2015-04-14 14:34:00,565 - Loaded System Directive: org.apache.velocity.runtime.directive.Foreach
2015-04-14 14:34:00,612 - Created: 20 parsers.
2015-04-14 14:34:00,628 - Velocimacro : initialization starting.
2015-04-14 14:34:00,628 - Velocimacro : adding VMs from VM library template : VM_global_library.vm
2015-04-14 14:34:00,643 - ResourceManager : unable to find resource 'VM_global_library.vm' in any resource loader.
2015-04-14 14:34:00,643 - Velocimacro : error using  VM library template VM_global_library.vm : org.apache.velocity.exception.ResourceNotFoundException: Unable to find resource 'VM_global_library.vm'
2015-04-14 14:34:00,643 - Velocimacro :  VM library template macro registration complete.
2015-04-14 14:34:00,643 - Velocimacro : allowInline = true : VMs can be defined inline in templates
2015-04-14 14:34:00,643 - Velocimacro : allowInlineToOverride = false : VMs defined inline may NOT replace previous VM definitions
2015-04-14 14:34:00,643 - Velocimacro : allowInlineLocal = false : VMs defined inline will be  global in scope if allowed.
2015-04-14 14:34:00,643 - Velocimacro : messages on  : VM system will output logging messages
2015-04-14 14:34:00,643 - Velocimacro : autoload off  : VM system will not automatically reload global library macros
2015-04-14 14:34:00,643 - Velocimacro : initialization complete.
2015-04-14 14:34:00,643 - Velocity successfully started.
