2014-05-13 18:12:48,572 - SimpleLog4JLogSystem initialized using logfile 'velocity.log'
2014-05-13 18:12:48,572 - ************************************************************** 
2014-05-13 18:12:48,572 - Starting Jakarta Velocity v1.4
2014-05-13 18:12:48,572 - RuntimeInstance initializing.
2014-05-13 18:12:48,572 - Default Properties File: org\apache\velocity\runtime\defaults\velocity.properties
2014-05-13 18:12:48,572 - Trying to use logger class org.apache.velocity.runtime.log.SimpleLog4JLogSystem
2014-05-13 18:12:48,572 - Using logger class org.apache.velocity.runtime.log.SimpleLog4JLogSystem
2014-05-13 18:12:48,572 - Default ResourceManager initializing. (class org.apache.velocity.runtime.resource.ResourceManagerImpl)
2014-05-13 18:12:48,572 - Resource Loader Instantiated: org.apache.velocity.runtime.resource.loader.ClasspathResourceLoader
2014-05-13 18:12:48,572 - ClasspathResourceLoader : initialization starting.
2014-05-13 18:12:48,572 - ClasspathResourceLoader : initialization complete.
2014-05-13 18:12:48,572 - ResourceCache : initialized. (class org.apache.velocity.runtime.resource.ResourceCacheImpl)
2014-05-13 18:12:48,572 - Default ResourceManager initialization complete.
2014-05-13 18:12:48,587 - Loaded System Directive: org.apache.velocity.runtime.directive.Literal
2014-05-13 18:12:48,587 - Loaded System Directive: org.apache.velocity.runtime.directive.Macro
2014-05-13 18:12:48,587 - Loaded System Directive: org.apache.velocity.runtime.directive.Parse
2014-05-13 18:12:48,587 - Loaded System Directive: org.apache.velocity.runtime.directive.Include
2014-05-13 18:12:48,587 - Loaded System Directive: org.apache.velocity.runtime.directive.Foreach
2014-05-13 18:12:48,618 - Created: 20 parsers.
2014-05-13 18:12:48,618 - Velocimacro : initialization starting.
2014-05-13 18:12:48,618 - Velocimacro : adding VMs from VM library template : VM_global_library.vm
2014-05-13 18:12:48,634 - ResourceManager : unable to find resource 'VM_global_library.vm' in any resource loader.
2014-05-13 18:12:48,634 - Velocimacro : error using  VM library template VM_global_library.vm : org.apache.velocity.exception.ResourceNotFoundException: Unable to find resource 'VM_global_library.vm'
2014-05-13 18:12:48,634 - Velocimacro :  VM library template macro registration complete.
2014-05-13 18:12:48,634 - Velocimacro : allowInline = true : VMs can be defined inline in templates
2014-05-13 18:12:48,634 - Velocimacro : allowInlineToOverride = false : VMs defined inline may NOT replace previous VM definitions
2014-05-13 18:12:48,634 - Velocimacro : allowInlineLocal = false : VMs defined inline will be  global in scope if allowed.
2014-05-13 18:12:48,634 - Velocimacro : messages on  : VM system will output logging messages
2014-05-13 18:12:48,634 - Velocimacro : autoload off  : VM system will not automatically reload global library macros
2014-05-13 18:12:48,634 - Velocimacro : initialization complete.
2014-05-13 18:12:48,634 - Velocity successfully started.
2014-05-13 18:12:55,077 - ResourceManager : found repast/simphony/scenario/Scenario.vt with loader org.apache.velocity.runtime.resource.loader.ClasspathResourceLoader
2015-04-01 01:21:16,825 - SimpleLog4JLogSystem initialized using logfile 'velocity.log'
2015-04-01 01:21:16,855 - ************************************************************** 
2015-04-01 01:21:16,855 - Starting Jakarta Velocity v1.4
2015-04-01 01:21:16,855 - RuntimeInstance initializing.
2015-04-01 01:21:16,855 - Default Properties File: org\apache\velocity\runtime\defaults\velocity.properties
2015-04-01 01:21:16,855 - Trying to use logger class org.apache.velocity.runtime.log.SimpleLog4JLogSystem
2015-04-01 01:21:16,855 - Using logger class org.apache.velocity.runtime.log.SimpleLog4JLogSystem
2015-04-01 01:21:16,865 - Default ResourceManager initializing. (class org.apache.velocity.runtime.resource.ResourceManagerImpl)
2015-04-01 01:21:16,875 - Resource Loader Instantiated: org.apache.velocity.runtime.resource.loader.ClasspathResourceLoader
2015-04-01 01:21:16,875 - ClasspathResourceLoader : initialization starting.
2015-04-01 01:21:16,875 - ClasspathResourceLoader : initialization complete.
2015-04-01 01:21:16,875 - ResourceCache : initialized. (class org.apache.velocity.runtime.resource.ResourceCacheImpl)
2015-04-01 01:21:16,875 - Default ResourceManager initialization complete.
2015-04-01 01:21:16,895 - Loaded System Directive: org.apache.velocity.runtime.directive.Literal
2015-04-01 01:21:16,895 - Loaded System Directive: org.apache.velocity.runtime.directive.Macro
2015-04-01 01:21:16,905 - Loaded System Directive: org.apache.velocity.runtime.directive.Parse
2015-04-01 01:21:16,905 - Loaded System Directive: org.apache.velocity.runtime.directive.Include
2015-04-01 01:21:16,905 - Loaded System Directive: org.apache.velocity.runtime.directive.Foreach
2015-04-01 01:21:16,945 - Created: 20 parsers.
2015-04-01 01:21:16,955 - Velocimacro : initialization starting.
2015-04-01 01:21:16,955 - Velocimacro : adding VMs from VM library template : VM_global_library.vm
2015-04-01 01:21:16,965 - ResourceManager : unable to find resource 'VM_global_library.vm' in any resource loader.
2015-04-01 01:21:16,965 - Velocimacro : error using  VM library template VM_global_library.vm : org.apache.velocity.exception.ResourceNotFoundException: Unable to find resource 'VM_global_library.vm'
2015-04-01 01:21:16,965 - Velocimacro :  VM library template macro registration complete.
2015-04-01 01:21:16,965 - Velocimacro : allowInline = true : VMs can be defined inline in templates
2015-04-01 01:21:16,965 - Velocimacro : allowInlineToOverride = false : VMs defined inline may NOT replace previous VM definitions
2015-04-01 01:21:16,965 - Velocimacro : allowInlineLocal = false : VMs defined inline will be  global in scope if allowed.
2015-04-01 01:21:16,965 - Velocimacro : messages on  : VM system will output logging messages
2015-04-01 01:21:16,965 - Velocimacro : autoload off  : VM system will not automatically reload global library macros
2015-04-01 01:21:16,965 - Velocimacro : initialization complete.
2015-04-01 01:21:16,965 - Velocity successfully started.
2015-04-07 16:07:34,791 - SimpleLog4JLogSystem initialized using logfile 'velocity.log'
2015-04-07 16:07:34,822 - ************************************************************** 
2015-04-07 16:07:34,822 - Starting Jakarta Velocity v1.4
2015-04-07 16:07:34,822 - RuntimeInstance initializing.
2015-04-07 16:07:34,822 - Default Properties File: org\apache\velocity\runtime\defaults\velocity.properties
2015-04-07 16:07:34,822 - Trying to use logger class org.apache.velocity.runtime.log.SimpleLog4JLogSystem
2015-04-07 16:07:34,822 - Using logger class org.apache.velocity.runtime.log.SimpleLog4JLogSystem
2015-04-07 16:07:34,822 - Default ResourceManager initializing. (class org.apache.velocity.runtime.resource.ResourceManagerImpl)
2015-04-07 16:07:34,822 - Resource Loader Instantiated: org.apache.velocity.runtime.resource.loader.ClasspathResourceLoader
2015-04-07 16:07:34,822 - ClasspathResourceLoader : initialization starting.
2015-04-07 16:07:34,822 - ClasspathResourceLoader : initialization complete.
2015-04-07 16:07:34,822 - ResourceCache : initialized. (class org.apache.velocity.runtime.resource.ResourceCacheImpl)
2015-04-07 16:07:34,822 - Default ResourceManager initialization complete.
2015-04-07 16:07:34,838 - Loaded System Directive: org.apache.velocity.runtime.directive.Literal
2015-04-07 16:07:34,838 - Loaded System Directive: org.apache.velocity.runtime.directive.Macro
2015-04-07 16:07:34,838 - Loaded System Directive: org.apache.velocity.runtime.directive.Parse
2015-04-07 16:07:34,838 - Loaded System Directive: org.apache.velocity.runtime.directive.Include
2015-04-07 16:07:34,838 - Loaded System Directive: org.apache.velocity.runtime.directive.Foreach
2015-04-07 16:07:34,869 - Created: 20 parsers.
2015-04-07 16:07:34,869 - Velocimacro : initialization starting.
2015-04-07 16:07:34,869 - Velocimacro : adding VMs from VM library template : VM_global_library.vm
2015-04-07 16:07:34,885 - ResourceManager : unable to find resource 'VM_global_library.vm' in any resource loader.
2015-04-07 16:07:34,885 - Velocimacro : error using  VM library template VM_global_library.vm : org.apache.velocity.exception.ResourceNotFoundException: Unable to find resource 'VM_global_library.vm'
2015-04-07 16:07:34,885 - Velocimacro :  VM library template macro registration complete.
2015-04-07 16:07:34,885 - Velocimacro : allowInline = true : VMs can be defined inline in templates
2015-04-07 16:07:34,885 - Velocimacro : allowInlineToOverride = false : VMs defined inline may NOT replace previous VM definitions
2015-04-07 16:07:34,885 - Velocimacro : allowInlineLocal = false : VMs defined inline will be  global in scope if allowed.
2015-04-07 16:07:34,885 - Velocimacro : messages on  : VM system will output logging messages
2015-04-07 16:07:34,885 - Velocimacro : autoload off  : VM system will not automatically reload global library macros
2015-04-07 16:07:34,885 - Velocimacro : initialization complete.
2015-04-07 16:07:34,885 - Velocity successfully started.
2015-04-07 16:13:22,929 - SimpleLog4JLogSystem initialized using logfile 'velocity.log'
2015-04-07 16:13:22,929 - ************************************************************** 
2015-04-07 16:13:22,929 - Starting Jakarta Velocity v1.4
2015-04-07 16:13:22,929 - RuntimeInstance initializing.
2015-04-07 16:13:22,929 - Default Properties File: org\apache\velocity\runtime\defaults\velocity.properties
2015-04-07 16:13:22,929 - Trying to use logger class org.apache.velocity.runtime.log.SimpleLog4JLogSystem
2015-04-07 16:13:22,929 - Using logger class org.apache.velocity.runtime.log.SimpleLog4JLogSystem
2015-04-07 16:13:22,929 - Default ResourceManager initializing. (class org.apache.velocity.runtime.resource.ResourceManagerImpl)
2015-04-07 16:13:22,929 - Resource Loader Instantiated: org.apache.velocity.runtime.resource.loader.ClasspathResourceLoader
2015-04-07 16:13:22,929 - ClasspathResourceLoader : initialization starting.
2015-04-07 16:13:22,929 - ClasspathResourceLoader : initialization complete.
2015-04-07 16:13:22,929 - ResourceCache : initialized. (class org.apache.velocity.runtime.resource.ResourceCacheImpl)
2015-04-07 16:13:22,929 - Default ResourceManager initialization complete.
2015-04-07 16:13:22,929 - Loaded System Directive: org.apache.velocity.runtime.directive.Literal
2015-04-07 16:13:22,929 - Loaded System Directive: org.apache.velocity.runtime.directive.Macro
2015-04-07 16:13:22,945 - Loaded System Directive: org.apache.velocity.runtime.directive.Parse
2015-04-07 16:13:22,945 - Loaded System Directive: org.apache.velocity.runtime.directive.Include
2015-04-07 16:13:22,945 - Loaded System Directive: org.apache.velocity.runtime.directive.Foreach
2015-04-07 16:13:22,960 - Created: 20 parsers.
2015-04-07 16:13:22,976 - Velocimacro : initialization starting.
2015-04-07 16:13:22,976 - Velocimacro : adding VMs from VM library template : VM_global_library.vm
2015-04-07 16:13:22,976 - ResourceManager : unable to find resource 'VM_global_library.vm' in any resource loader.
2015-04-07 16:13:22,976 - Velocimacro : error using  VM library template VM_global_library.vm : org.apache.velocity.exception.ResourceNotFoundException: Unable to find resource 'VM_global_library.vm'
2015-04-07 16:13:22,976 - Velocimacro :  VM library template macro registration complete.
2015-04-07 16:13:22,976 - Velocimacro : allowInline = true : VMs can be defined inline in templates
2015-04-07 16:13:22,976 - Velocimacro : allowInlineToOverride = false : VMs defined inline may NOT replace previous VM definitions
2015-04-07 16:13:22,976 - Velocimacro : allowInlineLocal = false : VMs defined inline will be  global in scope if allowed.
2015-04-07 16:13:22,976 - Velocimacro : messages on  : VM system will output logging messages
2015-04-07 16:13:22,976 - Velocimacro : autoload off  : VM system will not automatically reload global library macros
2015-04-07 16:13:22,976 - Velocimacro : initialization complete.
2015-04-07 16:13:22,992 - Velocity successfully started.
