2014-05-13 17:47:12,573 - SimpleLog4JLogSystem initialized using logfile 'velocity.log'
2014-05-13 17:47:12,573 - ************************************************************** 
2014-05-13 17:47:12,573 - Starting Jakarta Velocity v1.4
2014-05-13 17:47:12,573 - RuntimeInstance initializing.
2014-05-13 17:47:12,573 - Default Properties File: org\apache\velocity\runtime\defaults\velocity.properties
2014-05-13 17:47:12,573 - Trying to use logger class org.apache.velocity.runtime.log.SimpleLog4JLogSystem
2014-05-13 17:47:12,573 - Using logger class org.apache.velocity.runtime.log.SimpleLog4JLogSystem
2014-05-13 17:47:12,573 - Default ResourceManager initializing. (class org.apache.velocity.runtime.resource.ResourceManagerImpl)
2014-05-13 17:47:12,573 - Resource Loader Instantiated: org.apache.velocity.runtime.resource.loader.ClasspathResourceLoader
2014-05-13 17:47:12,573 - ClasspathResourceLoader : initialization starting.
2014-05-13 17:47:12,573 - ClasspathResourceLoader : initialization complete.
2014-05-13 17:47:12,573 - ResourceCache : initialized. (class org.apache.velocity.runtime.resource.ResourceCacheImpl)
2014-05-13 17:47:12,573 - Default ResourceManager initialization complete.
2014-05-13 17:47:12,589 - Loaded System Directive: org.apache.velocity.runtime.directive.Literal
2014-05-13 17:47:12,589 - Loaded System Directive: org.apache.velocity.runtime.directive.Macro
2014-05-13 17:47:12,589 - Loaded System Directive: org.apache.velocity.runtime.directive.Parse
2014-05-13 17:47:12,589 - Loaded System Directive: org.apache.velocity.runtime.directive.Include
2014-05-13 17:47:12,589 - Loaded System Directive: org.apache.velocity.runtime.directive.Foreach
2014-05-13 17:47:12,620 - Created: 20 parsers.
2014-05-13 17:47:12,620 - Velocimacro : initialization starting.
2014-05-13 17:47:12,620 - Velocimacro : adding VMs from VM library template : VM_global_library.vm
2014-05-13 17:47:12,635 - ResourceManager : unable to find resource 'VM_global_library.vm' in any resource loader.
2014-05-13 17:47:12,635 - Velocimacro : error using  VM library template VM_global_library.vm : org.apache.velocity.exception.ResourceNotFoundException: Unable to find resource 'VM_global_library.vm'
2014-05-13 17:47:12,635 - Velocimacro :  VM library template macro registration complete.
2014-05-13 17:47:12,635 - Velocimacro : allowInline = true : VMs can be defined inline in templates
2014-05-13 17:47:12,635 - Velocimacro : allowInlineToOverride = false : VMs defined inline may NOT replace previous VM definitions
2014-05-13 17:47:12,635 - Velocimacro : allowInlineLocal = false : VMs defined inline will be  global in scope if allowed.
2014-05-13 17:47:12,635 - Velocimacro : messages on  : VM system will output logging messages
2014-05-13 17:47:12,635 - Velocimacro : autoload off  : VM system will not automatically reload global library macros
2014-05-13 17:47:12,635 - Velocimacro : initialization complete.
2014-05-13 17:47:12,635 - Velocity successfully started.
2014-05-13 17:55:23,277 - SimpleLog4JLogSystem initialized using logfile 'velocity.log'
2014-05-13 17:55:23,277 - ************************************************************** 
2014-05-13 17:55:23,277 - Starting Jakarta Velocity v1.4
2014-05-13 17:55:23,277 - RuntimeInstance initializing.
2014-05-13 17:55:23,277 - Default Properties File: org\apache\velocity\runtime\defaults\velocity.properties
2014-05-13 17:55:23,292 - Trying to use logger class org.apache.velocity.runtime.log.SimpleLog4JLogSystem
2014-05-13 17:55:23,292 - Using logger class org.apache.velocity.runtime.log.SimpleLog4JLogSystem
2014-05-13 17:55:23,292 - Default ResourceManager initializing. (class org.apache.velocity.runtime.resource.ResourceManagerImpl)
2014-05-13 17:55:23,292 - Resource Loader Instantiated: org.apache.velocity.runtime.resource.loader.ClasspathResourceLoader
2014-05-13 17:55:23,292 - ClasspathResourceLoader : initialization starting.
2014-05-13 17:55:23,292 - ClasspathResourceLoader : initialization complete.
2014-05-13 17:55:23,292 - ResourceCache : initialized. (class org.apache.velocity.runtime.resource.ResourceCacheImpl)
2014-05-13 17:55:23,292 - Default ResourceManager initialization complete.
2014-05-13 17:55:23,292 - Loaded System Directive: org.apache.velocity.runtime.directive.Literal
2014-05-13 17:55:23,292 - Loaded System Directive: org.apache.velocity.runtime.directive.Macro
2014-05-13 17:55:23,308 - Loaded System Directive: org.apache.velocity.runtime.directive.Parse
2014-05-13 17:55:23,308 - Loaded System Directive: org.apache.velocity.runtime.directive.Include
2014-05-13 17:55:23,308 - Loaded System Directive: org.apache.velocity.runtime.directive.Foreach
2014-05-13 17:55:23,323 - Created: 20 parsers.
2014-05-13 17:55:23,339 - Velocimacro : initialization starting.
2014-05-13 17:55:23,339 - Velocimacro : adding VMs from VM library template : VM_global_library.vm
2014-05-13 17:55:23,339 - ResourceManager : unable to find resource 'VM_global_library.vm' in any resource loader.
2014-05-13 17:55:23,339 - Velocimacro : error using  VM library template VM_global_library.vm : org.apache.velocity.exception.ResourceNotFoundException: Unable to find resource 'VM_global_library.vm'
2014-05-13 17:55:23,339 - Velocimacro :  VM library template macro registration complete.
2014-05-13 17:55:23,339 - Velocimacro : allowInline = true : VMs can be defined inline in templates
2014-05-13 17:55:23,339 - Velocimacro : allowInlineToOverride = false : VMs defined inline may NOT replace previous VM definitions
2014-05-13 17:55:23,339 - Velocimacro : allowInlineLocal = false : VMs defined inline will be  global in scope if allowed.
2014-05-13 17:55:23,339 - Velocimacro : messages on  : VM system will output logging messages
2014-05-13 17:55:23,339 - Velocimacro : autoload off  : VM system will not automatically reload global library macros
2014-05-13 17:55:23,339 - Velocimacro : initialization complete.
2014-05-13 17:55:23,339 - Velocity successfully started.
2014-05-13 17:59:39,480 - SimpleLog4JLogSystem initialized using logfile 'velocity.log'
2014-05-13 17:59:39,480 - ************************************************************** 
2014-05-13 17:59:39,480 - Starting Jakarta Velocity v1.4
2014-05-13 17:59:39,480 - RuntimeInstance initializing.
2014-05-13 17:59:39,480 - Default Properties File: org\apache\velocity\runtime\defaults\velocity.properties
2014-05-13 17:59:39,480 - Trying to use logger class org.apache.velocity.runtime.log.SimpleLog4JLogSystem
2014-05-13 17:59:39,480 - Using logger class org.apache.velocity.runtime.log.SimpleLog4JLogSystem
2014-05-13 17:59:39,480 - Default ResourceManager initializing. (class org.apache.velocity.runtime.resource.ResourceManagerImpl)
2014-05-13 17:59:39,495 - Resource Loader Instantiated: org.apache.velocity.runtime.resource.loader.ClasspathResourceLoader
2014-05-13 17:59:39,495 - ClasspathResourceLoader : initialization starting.
2014-05-13 17:59:39,495 - ClasspathResourceLoader : initialization complete.
2014-05-13 17:59:39,495 - ResourceCache : initialized. (class org.apache.velocity.runtime.resource.ResourceCacheImpl)
2014-05-13 17:59:39,495 - Default ResourceManager initialization complete.
2014-05-13 17:59:39,495 - Loaded System Directive: org.apache.velocity.runtime.directive.Literal
2014-05-13 17:59:39,495 - Loaded System Directive: org.apache.velocity.runtime.directive.Macro
2014-05-13 17:59:39,495 - Loaded System Directive: org.apache.velocity.runtime.directive.Parse
2014-05-13 17:59:39,495 - Loaded System Directive: org.apache.velocity.runtime.directive.Include
2014-05-13 17:59:39,511 - Loaded System Directive: org.apache.velocity.runtime.directive.Foreach
2014-05-13 17:59:39,527 - Created: 20 parsers.
2014-05-13 17:59:39,542 - Velocimacro : initialization starting.
2014-05-13 17:59:39,542 - Velocimacro : adding VMs from VM library template : VM_global_library.vm
2014-05-13 17:59:39,542 - ResourceManager : unable to find resource 'VM_global_library.vm' in any resource loader.
2014-05-13 17:59:39,542 - Velocimacro : error using  VM library template VM_global_library.vm : org.apache.velocity.exception.ResourceNotFoundException: Unable to find resource 'VM_global_library.vm'
2014-05-13 17:59:39,542 - Velocimacro :  VM library template macro registration complete.
2014-05-13 17:59:39,542 - Velocimacro : allowInline = true : VMs can be defined inline in templates
2014-05-13 17:59:39,542 - Velocimacro : allowInlineToOverride = false : VMs defined inline may NOT replace previous VM definitions
2014-05-13 17:59:39,542 - Velocimacro : allowInlineLocal = false : VMs defined inline will be  global in scope if allowed.
2014-05-13 17:59:39,542 - Velocimacro : messages on  : VM system will output logging messages
2014-05-13 17:59:39,542 - Velocimacro : autoload off  : VM system will not automatically reload global library macros
2014-05-13 17:59:39,542 - Velocimacro : initialization complete.
2014-05-13 17:59:39,542 - Velocity successfully started.
2014-05-13 18:00:05,409 - SimpleLog4JLogSystem initialized using logfile 'velocity.log'
2014-05-13 18:00:05,409 - ************************************************************** 
2014-05-13 18:00:05,409 - Starting Jakarta Velocity v1.4
2014-05-13 18:00:05,409 - RuntimeInstance initializing.
2014-05-13 18:00:05,409 - Default Properties File: org\apache\velocity\runtime\defaults\velocity.properties
2014-05-13 18:00:05,409 - Trying to use logger class org.apache.velocity.runtime.log.SimpleLog4JLogSystem
2014-05-13 18:00:05,409 - Using logger class org.apache.velocity.runtime.log.SimpleLog4JLogSystem
2014-05-13 18:00:05,409 - Default ResourceManager initializing. (class org.apache.velocity.runtime.resource.ResourceManagerImpl)
2014-05-13 18:00:05,409 - Resource Loader Instantiated: org.apache.velocity.runtime.resource.loader.ClasspathResourceLoader
2014-05-13 18:00:05,409 - ClasspathResourceLoader : initialization starting.
2014-05-13 18:00:05,409 - ClasspathResourceLoader : initialization complete.
2014-05-13 18:00:05,409 - ResourceCache : initialized. (class org.apache.velocity.runtime.resource.ResourceCacheImpl)
2014-05-13 18:00:05,409 - Default ResourceManager initialization complete.
2014-05-13 18:00:05,425 - Loaded System Directive: org.apache.velocity.runtime.directive.Literal
2014-05-13 18:00:05,425 - Loaded System Directive: org.apache.velocity.runtime.directive.Macro
2014-05-13 18:00:05,425 - Loaded System Directive: org.apache.velocity.runtime.directive.Parse
2014-05-13 18:00:05,425 - Loaded System Directive: org.apache.velocity.runtime.directive.Include
2014-05-13 18:00:05,425 - Loaded System Directive: org.apache.velocity.runtime.directive.Foreach
2014-05-13 18:00:05,456 - Created: 20 parsers.
2014-05-13 18:00:05,456 - Velocimacro : initialization starting.
2014-05-13 18:00:05,456 - Velocimacro : adding VMs from VM library template : VM_global_library.vm
2014-05-13 18:00:05,472 - ResourceManager : unable to find resource 'VM_global_library.vm' in any resource loader.
2014-05-13 18:00:05,472 - Velocimacro : error using  VM library template VM_global_library.vm : org.apache.velocity.exception.ResourceNotFoundException: Unable to find resource 'VM_global_library.vm'
2014-05-13 18:00:05,472 - Velocimacro :  VM library template macro registration complete.
2014-05-13 18:00:05,472 - Velocimacro : allowInline = true : VMs can be defined inline in templates
2014-05-13 18:00:05,472 - Velocimacro : allowInlineToOverride = false : VMs defined inline may NOT replace previous VM definitions
2014-05-13 18:00:05,472 - Velocimacro : allowInlineLocal = false : VMs defined inline will be  global in scope if allowed.
2014-05-13 18:00:05,472 - Velocimacro : messages on  : VM system will output logging messages
2014-05-13 18:00:05,472 - Velocimacro : autoload off  : VM system will not automatically reload global library macros
2014-05-13 18:00:05,472 - Velocimacro : initialization complete.
2014-05-13 18:00:05,472 - Velocity successfully started.
2014-05-13 18:04:07,310 - SimpleLog4JLogSystem initialized using logfile 'velocity.log'
2014-05-13 18:04:07,310 - ************************************************************** 
2014-05-13 18:04:07,310 - Starting Jakarta Velocity v1.4
2014-05-13 18:04:07,326 - RuntimeInstance initializing.
2014-05-13 18:04:07,326 - Default Properties File: org\apache\velocity\runtime\defaults\velocity.properties
2014-05-13 18:04:07,326 - Trying to use logger class org.apache.velocity.runtime.log.SimpleLog4JLogSystem
2014-05-13 18:04:07,326 - Using logger class org.apache.velocity.runtime.log.SimpleLog4JLogSystem
2014-05-13 18:04:07,326 - Default ResourceManager initializing. (class org.apache.velocity.runtime.resource.ResourceManagerImpl)
2014-05-13 18:04:07,326 - Resource Loader Instantiated: org.apache.velocity.runtime.resource.loader.ClasspathResourceLoader
2014-05-13 18:04:07,326 - ClasspathResourceLoader : initialization starting.
2014-05-13 18:04:07,326 - ClasspathResourceLoader : initialization complete.
2014-05-13 18:04:07,326 - ResourceCache : initialized. (class org.apache.velocity.runtime.resource.ResourceCacheImpl)
2014-05-13 18:04:07,326 - Default ResourceManager initialization complete.
2014-05-13 18:04:07,326 - Loaded System Directive: org.apache.velocity.runtime.directive.Literal
2014-05-13 18:04:07,326 - Loaded System Directive: org.apache.velocity.runtime.directive.Macro
2014-05-13 18:04:07,341 - Loaded System Directive: org.apache.velocity.runtime.directive.Parse
2014-05-13 18:04:07,341 - Loaded System Directive: org.apache.velocity.runtime.directive.Include
2014-05-13 18:04:07,341 - Loaded System Directive: org.apache.velocity.runtime.directive.Foreach
2014-05-13 18:04:07,357 - Created: 20 parsers.
2014-05-13 18:04:07,419 - Velocimacro : initialization starting.
2014-05-13 18:04:07,419 - Velocimacro : adding VMs from VM library template : VM_global_library.vm
2014-05-13 18:04:07,435 - ResourceManager : unable to find resource 'VM_global_library.vm' in any resource loader.
2014-05-13 18:04:07,435 - Velocimacro : error using  VM library template VM_global_library.vm : org.apache.velocity.exception.ResourceNotFoundException: Unable to find resource 'VM_global_library.vm'
2014-05-13 18:04:07,435 - Velocimacro :  VM library template macro registration complete.
2014-05-13 18:04:07,435 - Velocimacro : allowInline = true : VMs can be defined inline in templates
2014-05-13 18:04:07,435 - Velocimacro : allowInlineToOverride = false : VMs defined inline may NOT replace previous VM definitions
2014-05-13 18:04:07,435 - Velocimacro : allowInlineLocal = false : VMs defined inline will be  global in scope if allowed.
2014-05-13 18:04:07,435 - Velocimacro : messages on  : VM system will output logging messages
2014-05-13 18:04:07,435 - Velocimacro : autoload off  : VM system will not automatically reload global library macros
2014-05-13 18:04:07,435 - Velocimacro : initialization complete.
2014-05-13 18:04:07,435 - Velocity successfully started.
2014-05-13 18:05:27,355 - SimpleLog4JLogSystem initialized using logfile 'velocity.log'
2014-05-13 18:05:27,355 - ************************************************************** 
2014-05-13 18:05:27,355 - Starting Jakarta Velocity v1.4
2014-05-13 18:05:27,355 - RuntimeInstance initializing.
2014-05-13 18:05:27,355 - Default Properties File: org\apache\velocity\runtime\defaults\velocity.properties
2014-05-13 18:05:27,355 - Trying to use logger class org.apache.velocity.runtime.log.SimpleLog4JLogSystem
2014-05-13 18:05:27,355 - Using logger class org.apache.velocity.runtime.log.SimpleLog4JLogSystem
2014-05-13 18:05:27,355 - Default ResourceManager initializing. (class org.apache.velocity.runtime.resource.ResourceManagerImpl)
2014-05-13 18:05:27,355 - Resource Loader Instantiated: org.apache.velocity.runtime.resource.loader.ClasspathResourceLoader
2014-05-13 18:05:27,355 - ClasspathResourceLoader : initialization starting.
2014-05-13 18:05:27,355 - ClasspathResourceLoader : initialization complete.
2014-05-13 18:05:27,355 - ResourceCache : initialized. (class org.apache.velocity.runtime.resource.ResourceCacheImpl)
2014-05-13 18:05:27,355 - Default ResourceManager initialization complete.
2014-05-13 18:05:27,355 - Loaded System Directive: org.apache.velocity.runtime.directive.Literal
2014-05-13 18:05:27,370 - Loaded System Directive: org.apache.velocity.runtime.directive.Macro
2014-05-13 18:05:27,370 - Loaded System Directive: org.apache.velocity.runtime.directive.Parse
2014-05-13 18:05:27,370 - Loaded System Directive: org.apache.velocity.runtime.directive.Include
2014-05-13 18:05:27,370 - Loaded System Directive: org.apache.velocity.runtime.directive.Foreach
2014-05-13 18:05:27,402 - Created: 20 parsers.
2014-05-13 18:05:27,402 - Velocimacro : initialization starting.
2014-05-13 18:05:27,402 - Velocimacro : adding VMs from VM library template : VM_global_library.vm
2014-05-13 18:05:27,417 - ResourceManager : unable to find resource 'VM_global_library.vm' in any resource loader.
2014-05-13 18:05:27,417 - Velocimacro : error using  VM library template VM_global_library.vm : org.apache.velocity.exception.ResourceNotFoundException: Unable to find resource 'VM_global_library.vm'
2014-05-13 18:05:27,417 - Velocimacro :  VM library template macro registration complete.
2014-05-13 18:05:27,417 - Velocimacro : allowInline = true : VMs can be defined inline in templates
2014-05-13 18:05:27,417 - Velocimacro : allowInlineToOverride = false : VMs defined inline may NOT replace previous VM definitions
2014-05-13 18:05:27,417 - Velocimacro : allowInlineLocal = false : VMs defined inline will be  global in scope if allowed.
2014-05-13 18:05:27,417 - Velocimacro : messages on  : VM system will output logging messages
2014-05-13 18:05:27,417 - Velocimacro : autoload off  : VM system will not automatically reload global library macros
2014-05-13 18:05:27,417 - Velocimacro : initialization complete.
2014-05-13 18:05:27,417 - Velocity successfully started.
2014-05-13 18:05:52,425 - SimpleLog4JLogSystem initialized using logfile 'velocity.log'
2014-05-13 18:05:52,441 - ************************************************************** 
2014-05-13 18:05:52,441 - Starting Jakarta Velocity v1.4
2014-05-13 18:05:52,441 - RuntimeInstance initializing.
2014-05-13 18:05:52,441 - Default Properties File: org\apache\velocity\runtime\defaults\velocity.properties
2014-05-13 18:05:52,441 - Trying to use logger class org.apache.velocity.runtime.log.SimpleLog4JLogSystem
2014-05-13 18:05:52,441 - Using logger class org.apache.velocity.runtime.log.SimpleLog4JLogSystem
2014-05-13 18:05:52,441 - Default ResourceManager initializing. (class org.apache.velocity.runtime.resource.ResourceManagerImpl)
2014-05-13 18:05:52,441 - Resource Loader Instantiated: org.apache.velocity.runtime.resource.loader.ClasspathResourceLoader
2014-05-13 18:05:52,441 - ClasspathResourceLoader : initialization starting.
2014-05-13 18:05:52,441 - ClasspathResourceLoader : initialization complete.
2014-05-13 18:05:52,441 - ResourceCache : initialized. (class org.apache.velocity.runtime.resource.ResourceCacheImpl)
2014-05-13 18:05:52,441 - Default ResourceManager initialization complete.
2014-05-13 18:05:52,441 - Loaded System Directive: org.apache.velocity.runtime.directive.Literal
2014-05-13 18:05:52,441 - Loaded System Directive: org.apache.velocity.runtime.directive.Macro
2014-05-13 18:05:52,456 - Loaded System Directive: org.apache.velocity.runtime.directive.Parse
2014-05-13 18:05:52,456 - Loaded System Directive: org.apache.velocity.runtime.directive.Include
2014-05-13 18:05:52,456 - Loaded System Directive: org.apache.velocity.runtime.directive.Foreach
2014-05-13 18:05:52,487 - Created: 20 parsers.
2014-05-13 18:05:52,487 - Velocimacro : initialization starting.
2014-05-13 18:05:52,487 - Velocimacro : adding VMs from VM library template : VM_global_library.vm
2014-05-13 18:05:52,487 - ResourceManager : unable to find resource 'VM_global_library.vm' in any resource loader.
2014-05-13 18:05:52,487 - Velocimacro : error using  VM library template VM_global_library.vm : org.apache.velocity.exception.ResourceNotFoundException: Unable to find resource 'VM_global_library.vm'
2014-05-13 18:05:52,487 - Velocimacro :  VM library template macro registration complete.
2014-05-13 18:05:52,487 - Velocimacro : allowInline = true : VMs can be defined inline in templates
2014-05-13 18:05:52,487 - Velocimacro : allowInlineToOverride = false : VMs defined inline may NOT replace previous VM definitions
2014-05-13 18:05:52,487 - Velocimacro : allowInlineLocal = false : VMs defined inline will be  global in scope if allowed.
2014-05-13 18:05:52,487 - Velocimacro : messages on  : VM system will output logging messages
2014-05-13 18:05:52,487 - Velocimacro : autoload off  : VM system will not automatically reload global library macros
2014-05-13 18:05:52,487 - Velocimacro : initialization complete.
2014-05-13 18:05:52,487 - Velocity successfully started.
2014-05-13 18:07:38,959 - SimpleLog4JLogSystem initialized using logfile 'velocity.log'
2014-05-13 18:07:38,959 - ************************************************************** 
2014-05-13 18:07:38,959 - Starting Jakarta Velocity v1.4
2014-05-13 18:07:38,959 - RuntimeInstance initializing.
2014-05-13 18:07:38,959 - Default Properties File: org\apache\velocity\runtime\defaults\velocity.properties
2014-05-13 18:07:38,959 - Trying to use logger class org.apache.velocity.runtime.log.SimpleLog4JLogSystem
2014-05-13 18:07:38,959 - Using logger class org.apache.velocity.runtime.log.SimpleLog4JLogSystem
2014-05-13 18:07:38,959 - Default ResourceManager initializing. (class org.apache.velocity.runtime.resource.ResourceManagerImpl)
2014-05-13 18:07:38,959 - Resource Loader Instantiated: org.apache.velocity.runtime.resource.loader.ClasspathResourceLoader
2014-05-13 18:07:38,959 - ClasspathResourceLoader : initialization starting.
2014-05-13 18:07:38,959 - ClasspathResourceLoader : initialization complete.
2014-05-13 18:07:38,959 - ResourceCache : initialized. (class org.apache.velocity.runtime.resource.ResourceCacheImpl)
2014-05-13 18:07:38,959 - Default ResourceManager initialization complete.
2014-05-13 18:07:38,959 - Loaded System Directive: org.apache.velocity.runtime.directive.Literal
2014-05-13 18:07:38,974 - Loaded System Directive: org.apache.velocity.runtime.directive.Macro
2014-05-13 18:07:38,974 - Loaded System Directive: org.apache.velocity.runtime.directive.Parse
2014-05-13 18:07:38,974 - Loaded System Directive: org.apache.velocity.runtime.directive.Include
2014-05-13 18:07:38,974 - Loaded System Directive: org.apache.velocity.runtime.directive.Foreach
2014-05-13 18:07:39,005 - Created: 20 parsers.
2014-05-13 18:07:39,005 - Velocimacro : initialization starting.
2014-05-13 18:07:39,005 - Velocimacro : adding VMs from VM library template : VM_global_library.vm
2014-05-13 18:07:39,021 - ResourceManager : unable to find resource 'VM_global_library.vm' in any resource loader.
2014-05-13 18:07:39,021 - Velocimacro : error using  VM library template VM_global_library.vm : org.apache.velocity.exception.ResourceNotFoundException: Unable to find resource 'VM_global_library.vm'
2014-05-13 18:07:39,021 - Velocimacro :  VM library template macro registration complete.
2014-05-13 18:07:39,021 - Velocimacro : allowInline = true : VMs can be defined inline in templates
2014-05-13 18:07:39,021 - Velocimacro : allowInlineToOverride = false : VMs defined inline may NOT replace previous VM definitions
2014-05-13 18:07:39,021 - Velocimacro : allowInlineLocal = false : VMs defined inline will be  global in scope if allowed.
2014-05-13 18:07:39,021 - Velocimacro : messages on  : VM system will output logging messages
2014-05-13 18:07:39,021 - Velocimacro : autoload off  : VM system will not automatically reload global library macros
2014-05-13 18:07:39,021 - Velocimacro : initialization complete.
2014-05-13 18:07:39,021 - Velocity successfully started.
2014-05-13 18:08:19,693 - SimpleLog4JLogSystem initialized using logfile 'velocity.log'
2014-05-13 18:08:19,709 - ************************************************************** 
2014-05-13 18:08:19,709 - Starting Jakarta Velocity v1.4
2014-05-13 18:08:19,709 - RuntimeInstance initializing.
2014-05-13 18:08:19,709 - Default Properties File: org\apache\velocity\runtime\defaults\velocity.properties
2014-05-13 18:08:19,709 - Trying to use logger class org.apache.velocity.runtime.log.SimpleLog4JLogSystem
2014-05-13 18:08:19,709 - Using logger class org.apache.velocity.runtime.log.SimpleLog4JLogSystem
2014-05-13 18:08:19,709 - Default ResourceManager initializing. (class org.apache.velocity.runtime.resource.ResourceManagerImpl)
2014-05-13 18:08:19,709 - Resource Loader Instantiated: org.apache.velocity.runtime.resource.loader.ClasspathResourceLoader
2014-05-13 18:08:19,709 - ClasspathResourceLoader : initialization starting.
2014-05-13 18:08:19,709 - ClasspathResourceLoader : initialization complete.
2014-05-13 18:08:19,709 - ResourceCache : initialized. (class org.apache.velocity.runtime.resource.ResourceCacheImpl)
2014-05-13 18:08:19,709 - Default ResourceManager initialization complete.
2014-05-13 18:08:19,709 - Loaded System Directive: org.apache.velocity.runtime.directive.Literal
2014-05-13 18:08:19,709 - Loaded System Directive: org.apache.velocity.runtime.directive.Macro
2014-05-13 18:08:19,724 - Loaded System Directive: org.apache.velocity.runtime.directive.Parse
2014-05-13 18:08:19,724 - Loaded System Directive: org.apache.velocity.runtime.directive.Include
2014-05-13 18:08:19,724 - Loaded System Directive: org.apache.velocity.runtime.directive.Foreach
2014-05-13 18:08:19,740 - Created: 20 parsers.
2014-05-13 18:08:19,756 - Velocimacro : initialization starting.
2014-05-13 18:08:19,756 - Velocimacro : adding VMs from VM library template : VM_global_library.vm
2014-05-13 18:08:19,756 - ResourceManager : unable to find resource 'VM_global_library.vm' in any resource loader.
2014-05-13 18:08:19,756 - Velocimacro : error using  VM library template VM_global_library.vm : org.apache.velocity.exception.ResourceNotFoundException: Unable to find resource 'VM_global_library.vm'
2014-05-13 18:08:19,756 - Velocimacro :  VM library template macro registration complete.
2014-05-13 18:08:19,756 - Velocimacro : allowInline = true : VMs can be defined inline in templates
2014-05-13 18:08:19,756 - Velocimacro : allowInlineToOverride = false : VMs defined inline may NOT replace previous VM definitions
2014-05-13 18:08:19,756 - Velocimacro : allowInlineLocal = false : VMs defined inline will be  global in scope if allowed.
2014-05-13 18:08:19,756 - Velocimacro : messages on  : VM system will output logging messages
2014-05-13 18:08:19,756 - Velocimacro : autoload off  : VM system will not automatically reload global library macros
2014-05-13 18:08:19,756 - Velocimacro : initialization complete.
2014-05-13 18:08:19,756 - Velocity successfully started.
2014-05-13 18:08:24,997 - ResourceManager : found repast/simphony/scenario/Scenario.vt with loader org.apache.velocity.runtime.resource.loader.ClasspathResourceLoader
2016-11-26 22:50:34,194 - SimpleLog4JLogSystem initialized using logfile 'velocity.log'
2016-11-26 22:50:34,195 - ************************************************************** 
2016-11-26 22:50:34,195 - Starting Jakarta Velocity v1.4
2016-11-26 22:50:34,195 - RuntimeInstance initializing.
2016-11-26 22:50:34,195 - Default Properties File: org\apache\velocity\runtime\defaults\velocity.properties
2016-11-26 22:50:34,195 - Trying to use logger class org.apache.velocity.runtime.log.SimpleLog4JLogSystem
2016-11-26 22:50:34,195 - Using logger class org.apache.velocity.runtime.log.SimpleLog4JLogSystem
2016-11-26 22:50:34,200 - Default ResourceManager initializing. (class org.apache.velocity.runtime.resource.ResourceManagerImpl)
2016-11-26 22:50:34,204 - Resource Loader Instantiated: org.apache.velocity.runtime.resource.loader.ClasspathResourceLoader
2016-11-26 22:50:34,204 - ClasspathResourceLoader : initialization starting.
2016-11-26 22:50:34,204 - ClasspathResourceLoader : initialization complete.
2016-11-26 22:50:34,208 - ResourceCache : initialized. (class org.apache.velocity.runtime.resource.ResourceCacheImpl)
2016-11-26 22:50:34,208 - Default ResourceManager initialization complete.
2016-11-26 22:50:34,213 - Loaded System Directive: org.apache.velocity.runtime.directive.Literal
2016-11-26 22:50:34,217 - Loaded System Directive: org.apache.velocity.runtime.directive.Macro
2016-11-26 22:50:34,223 - Loaded System Directive: org.apache.velocity.runtime.directive.Parse
2016-11-26 22:50:34,227 - Loaded System Directive: org.apache.velocity.runtime.directive.Include
2016-11-26 22:50:34,230 - Loaded System Directive: org.apache.velocity.runtime.directive.Foreach
2016-11-26 22:50:34,284 - Created: 20 parsers.
2016-11-26 22:50:34,303 - Velocimacro : initialization starting.
2016-11-26 22:50:34,303 - Velocimacro : adding VMs from VM library template : VM_global_library.vm
2016-11-26 22:50:34,330 - ResourceManager : unable to find resource 'VM_global_library.vm' in any resource loader.
2016-11-26 22:50:34,330 - Velocimacro : error using  VM library template VM_global_library.vm : org.apache.velocity.exception.ResourceNotFoundException: Unable to find resource 'VM_global_library.vm'
2016-11-26 22:50:34,330 - Velocimacro :  VM library template macro registration complete.
2016-11-26 22:50:34,330 - Velocimacro : allowInline = true : VMs can be defined inline in templates
2016-11-26 22:50:34,331 - Velocimacro : allowInlineToOverride = false : VMs defined inline may NOT replace previous VM definitions
2016-11-26 22:50:34,331 - Velocimacro : allowInlineLocal = false : VMs defined inline will be  global in scope if allowed.
2016-11-26 22:50:34,331 - Velocimacro : messages on  : VM system will output logging messages
2016-11-26 22:50:34,331 - Velocimacro : autoload off  : VM system will not automatically reload global library macros
2016-11-26 22:50:34,331 - Velocimacro : initialization complete.
2016-11-26 22:50:34,331 - Velocity successfully started.
2016-11-26 23:03:12,375 - SimpleLog4JLogSystem initialized using logfile 'velocity.log'
2016-11-26 23:03:12,375 - ************************************************************** 
2016-11-26 23:03:12,375 - Starting Jakarta Velocity v1.4
2016-11-26 23:03:12,376 - RuntimeInstance initializing.
2016-11-26 23:03:12,376 - Default Properties File: org\apache\velocity\runtime\defaults\velocity.properties
2016-11-26 23:03:12,376 - Trying to use logger class org.apache.velocity.runtime.log.SimpleLog4JLogSystem
2016-11-26 23:03:12,376 - Using logger class org.apache.velocity.runtime.log.SimpleLog4JLogSystem
2016-11-26 23:03:12,380 - Default ResourceManager initializing. (class org.apache.velocity.runtime.resource.ResourceManagerImpl)
2016-11-26 23:03:12,386 - Resource Loader Instantiated: org.apache.velocity.runtime.resource.loader.ClasspathResourceLoader
2016-11-26 23:03:12,387 - ClasspathResourceLoader : initialization starting.
2016-11-26 23:03:12,387 - ClasspathResourceLoader : initialization complete.
2016-11-26 23:03:12,390 - ResourceCache : initialized. (class org.apache.velocity.runtime.resource.ResourceCacheImpl)
2016-11-26 23:03:12,391 - Default ResourceManager initialization complete.
2016-11-26 23:03:12,396 - Loaded System Directive: org.apache.velocity.runtime.directive.Literal
2016-11-26 23:03:12,399 - Loaded System Directive: org.apache.velocity.runtime.directive.Macro
2016-11-26 23:03:12,405 - Loaded System Directive: org.apache.velocity.runtime.directive.Parse
2016-11-26 23:03:12,409 - Loaded System Directive: org.apache.velocity.runtime.directive.Include
2016-11-26 23:03:12,410 - Loaded System Directive: org.apache.velocity.runtime.directive.Foreach
2016-11-26 23:03:12,468 - Created: 20 parsers.
2016-11-26 23:03:12,484 - Velocimacro : initialization starting.
2016-11-26 23:03:12,484 - Velocimacro : adding VMs from VM library template : VM_global_library.vm
2016-11-26 23:03:12,511 - ResourceManager : unable to find resource 'VM_global_library.vm' in any resource loader.
2016-11-26 23:03:12,511 - Velocimacro : error using  VM library template VM_global_library.vm : org.apache.velocity.exception.ResourceNotFoundException: Unable to find resource 'VM_global_library.vm'
2016-11-26 23:03:12,511 - Velocimacro :  VM library template macro registration complete.
2016-11-26 23:03:12,511 - Velocimacro : allowInline = true : VMs can be defined inline in templates
2016-11-26 23:03:12,511 - Velocimacro : allowInlineToOverride = false : VMs defined inline may NOT replace previous VM definitions
2016-11-26 23:03:12,511 - Velocimacro : allowInlineLocal = false : VMs defined inline will be  global in scope if allowed.
2016-11-26 23:03:12,511 - Velocimacro : messages on  : VM system will output logging messages
2016-11-26 23:03:12,511 - Velocimacro : autoload off  : VM system will not automatically reload global library macros
2016-11-26 23:03:12,511 - Velocimacro : initialization complete.
2016-11-26 23:03:12,512 - Velocity successfully started.
