2014-05-13 17:45:14,517 - SimpleLog4JLogSystem initialized using logfile 'velocity.log'
2014-05-13 17:45:14,517 - ************************************************************** 
2014-05-13 17:45:14,517 - Starting Jakarta Velocity v1.4
2014-05-13 17:45:14,517 - RuntimeInstance initializing.
2014-05-13 17:45:14,517 - Default Properties File: org\apache\velocity\runtime\defaults\velocity.properties
2014-05-13 17:45:14,517 - Trying to use logger class org.apache.velocity.runtime.log.SimpleLog4JLogSystem
2014-05-13 17:45:14,517 - Using logger class org.apache.velocity.runtime.log.SimpleLog4JLogSystem
2014-05-13 17:45:14,532 - Default ResourceManager initializing. (class org.apache.velocity.runtime.resource.ResourceManagerImpl)
2014-05-13 17:45:14,532 - Resource Loader Instantiated: org.apache.velocity.runtime.resource.loader.ClasspathResourceLoader
2014-05-13 17:45:14,532 - ClasspathResourceLoader : initialization starting.
2014-05-13 17:45:14,532 - ClasspathResourceLoader : initialization complete.
2014-05-13 17:45:14,532 - ResourceCache : initialized. (class org.apache.velocity.runtime.resource.ResourceCacheImpl)
2014-05-13 17:45:14,532 - Default ResourceManager initialization complete.
2014-05-13 17:45:14,532 - Loaded System Directive: org.apache.velocity.runtime.directive.Literal
2014-05-13 17:45:14,532 - Loaded System Directive: org.apache.velocity.runtime.directive.Macro
2014-05-13 17:45:14,548 - Loaded System Directive: org.apache.velocity.runtime.directive.Parse
2014-05-13 17:45:14,548 - Loaded System Directive: org.apache.velocity.runtime.directive.Include
2014-05-13 17:45:14,548 - Loaded System Directive: org.apache.velocity.runtime.directive.Foreach
2014-05-13 17:45:14,579 - Created: 20 parsers.
2014-05-13 17:45:14,579 - Velocimacro : initialization starting.
2014-05-13 17:45:14,579 - Velocimacro : adding VMs from VM library template : VM_global_library.vm
2014-05-13 17:45:14,595 - ResourceManager : unable to find resource 'VM_global_library.vm' in any resource loader.
2014-05-13 17:45:14,595 - Velocimacro : error using  VM library template VM_global_library.vm : org.apache.velocity.exception.ResourceNotFoundException: Unable to find resource 'VM_global_library.vm'
2014-05-13 17:45:14,595 - Velocimacro :  VM library template macro registration complete.
2014-05-13 17:45:14,595 - Velocimacro : allowInline = true : VMs can be defined inline in templates
2014-05-13 17:45:14,595 - Velocimacro : allowInlineToOverride = false : VMs defined inline may NOT replace previous VM definitions
2014-05-13 17:45:14,595 - Velocimacro : allowInlineLocal = false : VMs defined inline will be  global in scope if allowed.
2014-05-13 17:45:14,595 - Velocimacro : messages on  : VM system will output logging messages
2014-05-13 17:45:14,595 - Velocimacro : autoload off  : VM system will not automatically reload global library macros
2014-05-13 17:45:14,595 - Velocimacro : initialization complete.
2014-05-13 17:45:14,595 - Velocity successfully started.
2014-05-13 17:46:08,549 - SimpleLog4JLogSystem initialized using logfile 'velocity.log'
2014-05-13 17:46:08,549 - ************************************************************** 
2014-05-13 17:46:08,549 - Starting Jakarta Velocity v1.4
2014-05-13 17:46:08,549 - RuntimeInstance initializing.
2014-05-13 17:46:08,549 - Default Properties File: org\apache\velocity\runtime\defaults\velocity.properties
2014-05-13 17:46:08,549 - Trying to use logger class org.apache.velocity.runtime.log.SimpleLog4JLogSystem
2014-05-13 17:46:08,549 - Using logger class org.apache.velocity.runtime.log.SimpleLog4JLogSystem
2014-05-13 17:46:08,549 - Default ResourceManager initializing. (class org.apache.velocity.runtime.resource.ResourceManagerImpl)
2014-05-13 17:46:08,549 - Resource Loader Instantiated: org.apache.velocity.runtime.resource.loader.ClasspathResourceLoader
2014-05-13 17:46:08,549 - ClasspathResourceLoader : initialization starting.
2014-05-13 17:46:08,549 - ClasspathResourceLoader : initialization complete.
2014-05-13 17:46:08,549 - ResourceCache : initialized. (class org.apache.velocity.runtime.resource.ResourceCacheImpl)
2014-05-13 17:46:08,549 - Default ResourceManager initialization complete.
2014-05-13 17:46:08,565 - Loaded System Directive: org.apache.velocity.runtime.directive.Literal
2014-05-13 17:46:08,565 - Loaded System Directive: org.apache.velocity.runtime.directive.Macro
2014-05-13 17:46:08,565 - Loaded System Directive: org.apache.velocity.runtime.directive.Parse
2014-05-13 17:46:08,565 - Loaded System Directive: org.apache.velocity.runtime.directive.Include
2014-05-13 17:46:08,565 - Loaded System Directive: org.apache.velocity.runtime.directive.Foreach
2014-05-13 17:46:08,596 - Created: 20 parsers.
2014-05-13 17:46:08,612 - Velocimacro : initialization starting.
2014-05-13 17:46:08,612 - Velocimacro : adding VMs from VM library template : VM_global_library.vm
2014-05-13 17:46:08,612 - ResourceManager : unable to find resource 'VM_global_library.vm' in any resource loader.
2014-05-13 17:46:08,612 - Velocimacro : error using  VM library template VM_global_library.vm : org.apache.velocity.exception.ResourceNotFoundException: Unable to find resource 'VM_global_library.vm'
2014-05-13 17:46:08,612 - Velocimacro :  VM library template macro registration complete.
2014-05-13 17:46:08,612 - Velocimacro : allowInline = true : VMs can be defined inline in templates
2014-05-13 17:46:08,612 - Velocimacro : allowInlineToOverride = false : VMs defined inline may NOT replace previous VM definitions
2014-05-13 17:46:08,612 - Velocimacro : allowInlineLocal = false : VMs defined inline will be  global in scope if allowed.
2014-05-13 17:46:08,612 - Velocimacro : messages on  : VM system will output logging messages
2014-05-13 17:46:08,612 - Velocimacro : autoload off  : VM system will not automatically reload global library macros
2014-05-13 17:46:08,612 - Velocimacro : initialization complete.
2014-05-13 17:46:08,612 - Velocity successfully started.
2014-05-13 17:46:12,964 - ResourceManager : found repast/simphony/scenario/Scenario.vt with loader org.apache.velocity.runtime.resource.loader.ClasspathResourceLoader
