2014-05-13 17:52:52,826 - SimpleLog4JLogSystem initialized using logfile 'velocity.log'
2014-05-13 17:52:52,826 - ************************************************************** 
2014-05-13 17:52:52,826 - Starting Jakarta Velocity v1.4
2014-05-13 17:52:52,826 - RuntimeInstance initializing.
2014-05-13 17:52:52,826 - Default Properties File: org\apache\velocity\runtime\defaults\velocity.properties
2014-05-13 17:52:52,826 - Trying to use logger class org.apache.velocity.runtime.log.SimpleLog4JLogSystem
2014-05-13 17:52:52,826 - Using logger class org.apache.velocity.runtime.log.SimpleLog4JLogSystem
2014-05-13 17:52:52,826 - Default ResourceManager initializing. (class org.apache.velocity.runtime.resource.ResourceManagerImpl)
2014-05-13 17:52:52,826 - Resource Loader Instantiated: org.apache.velocity.runtime.resource.loader.ClasspathResourceLoader
2014-05-13 17:52:52,826 - ClasspathResourceLoader : initialization starting.
2014-05-13 17:52:52,826 - ClasspathResourceLoader : initialization complete.
2014-05-13 17:52:52,842 - ResourceCache : initialized. (class org.apache.velocity.runtime.resource.ResourceCacheImpl)
2014-05-13 17:52:52,842 - Default ResourceManager initialization complete.
2014-05-13 17:52:52,842 - Loaded System Directive: org.apache.velocity.runtime.directive.Literal
2014-05-13 17:52:52,842 - Loaded System Directive: org.apache.velocity.runtime.directive.Macro
2014-05-13 17:52:52,842 - Loaded System Directive: org.apache.velocity.runtime.directive.Parse
2014-05-13 17:52:52,842 - Loaded System Directive: org.apache.velocity.runtime.directive.Include
2014-05-13 17:52:52,842 - Loaded System Directive: org.apache.velocity.runtime.directive.Foreach
2014-05-13 17:52:52,873 - Created: 20 parsers.
2014-05-13 17:52:52,873 - Velocimacro : initialization starting.
2014-05-13 17:52:52,873 - Velocimacro : adding VMs from VM library template : VM_global_library.vm
2014-05-13 17:52:52,889 - ResourceManager : unable to find resource 'VM_global_library.vm' in any resource loader.
2014-05-13 17:52:52,889 - Velocimacro : error using  VM library template VM_global_library.vm : org.apache.velocity.exception.ResourceNotFoundException: Unable to find resource 'VM_global_library.vm'
2014-05-13 17:52:52,889 - Velocimacro :  VM library template macro registration complete.
2014-05-13 17:52:52,889 - Velocimacro : allowInline = true : VMs can be defined inline in templates
2014-05-13 17:52:52,889 - Velocimacro : allowInlineToOverride = false : VMs defined inline may NOT replace previous VM definitions
2014-05-13 17:52:52,889 - Velocimacro : allowInlineLocal = false : VMs defined inline will be  global in scope if allowed.
2014-05-13 17:52:52,889 - Velocimacro : messages on  : VM system will output logging messages
2014-05-13 17:52:52,889 - Velocimacro : autoload off  : VM system will not automatically reload global library macros
2014-05-13 17:52:52,889 - Velocimacro : initialization complete.
2014-05-13 17:52:52,889 - Velocity successfully started.
2014-05-13 17:54:45,753 - SimpleLog4JLogSystem initialized using logfile 'velocity.log'
2014-05-13 17:54:45,753 - ************************************************************** 
2014-05-13 17:54:45,753 - Starting Jakarta Velocity v1.4
2014-05-13 17:54:45,753 - RuntimeInstance initializing.
2014-05-13 17:54:45,753 - Default Properties File: org\apache\velocity\runtime\defaults\velocity.properties
2014-05-13 17:54:45,753 - Trying to use logger class org.apache.velocity.runtime.log.SimpleLog4JLogSystem
2014-05-13 17:54:45,753 - Using logger class org.apache.velocity.runtime.log.SimpleLog4JLogSystem
2014-05-13 17:54:45,753 - Default ResourceManager initializing. (class org.apache.velocity.runtime.resource.ResourceManagerImpl)
2014-05-13 17:54:45,753 - Resource Loader Instantiated: org.apache.velocity.runtime.resource.loader.ClasspathResourceLoader
2014-05-13 17:54:45,753 - ClasspathResourceLoader : initialization starting.
2014-05-13 17:54:45,753 - ClasspathResourceLoader : initialization complete.
2014-05-13 17:54:45,753 - ResourceCache : initialized. (class org.apache.velocity.runtime.resource.ResourceCacheImpl)
2014-05-13 17:54:45,753 - Default ResourceManager initialization complete.
2014-05-13 17:54:45,768 - Loaded System Directive: org.apache.velocity.runtime.directive.Literal
2014-05-13 17:54:45,768 - Loaded System Directive: org.apache.velocity.runtime.directive.Macro
2014-05-13 17:54:45,768 - Loaded System Directive: org.apache.velocity.runtime.directive.Parse
2014-05-13 17:54:45,768 - Loaded System Directive: org.apache.velocity.runtime.directive.Include
2014-05-13 17:54:45,768 - Loaded System Directive: org.apache.velocity.runtime.directive.Foreach
2014-05-13 17:54:45,799 - Created: 20 parsers.
2014-05-13 17:54:45,799 - Velocimacro : initialization starting.
2014-05-13 17:54:45,799 - Velocimacro : adding VMs from VM library template : VM_global_library.vm
2014-05-13 17:54:45,815 - ResourceManager : unable to find resource 'VM_global_library.vm' in any resource loader.
2014-05-13 17:54:45,815 - Velocimacro : error using  VM library template VM_global_library.vm : org.apache.velocity.exception.ResourceNotFoundException: Unable to find resource 'VM_global_library.vm'
2014-05-13 17:54:45,815 - Velocimacro :  VM library template macro registration complete.
2014-05-13 17:54:45,815 - Velocimacro : allowInline = true : VMs can be defined inline in templates
2014-05-13 17:54:45,815 - Velocimacro : allowInlineToOverride = false : VMs defined inline may NOT replace previous VM definitions
2014-05-13 17:54:45,815 - Velocimacro : allowInlineLocal = false : VMs defined inline will be  global in scope if allowed.
2014-05-13 17:54:45,815 - Velocimacro : messages on  : VM system will output logging messages
2014-05-13 17:54:45,815 - Velocimacro : autoload off  : VM system will not automatically reload global library macros
2014-05-13 17:54:45,815 - Velocimacro : initialization complete.
2014-05-13 17:54:45,815 - Velocity successfully started.
2014-05-13 17:55:00,479 - ResourceManager : found repast/simphony/scenario/Scenario.vt with loader org.apache.velocity.runtime.resource.loader.ClasspathResourceLoader
2015-04-07 13:57:47,565 - SimpleLog4JLogSystem initialized using logfile 'velocity.log'
2015-04-07 13:57:47,604 - ************************************************************** 
2015-04-07 13:57:47,604 - Starting Jakarta Velocity v1.4
2015-04-07 13:57:47,604 - RuntimeInstance initializing.
2015-04-07 13:57:47,604 - Default Properties File: org\apache\velocity\runtime\defaults\velocity.properties
2015-04-07 13:57:47,604 - Trying to use logger class org.apache.velocity.runtime.log.SimpleLog4JLogSystem
2015-04-07 13:57:47,604 - Using logger class org.apache.velocity.runtime.log.SimpleLog4JLogSystem
2015-04-07 13:57:47,608 - Default ResourceManager initializing. (class org.apache.velocity.runtime.resource.ResourceManagerImpl)
2015-04-07 13:57:47,611 - Resource Loader Instantiated: org.apache.velocity.runtime.resource.loader.ClasspathResourceLoader
2015-04-07 13:57:47,611 - ClasspathResourceLoader : initialization starting.
2015-04-07 13:57:47,611 - ClasspathResourceLoader : initialization complete.
2015-04-07 13:57:47,613 - ResourceCache : initialized. (class org.apache.velocity.runtime.resource.ResourceCacheImpl)
2015-04-07 13:57:47,613 - Default ResourceManager initialization complete.
2015-04-07 13:57:47,617 - Loaded System Directive: org.apache.velocity.runtime.directive.Literal
2015-04-07 13:57:47,618 - Loaded System Directive: org.apache.velocity.runtime.directive.Macro
2015-04-07 13:57:47,621 - Loaded System Directive: org.apache.velocity.runtime.directive.Parse
2015-04-07 13:57:47,623 - Loaded System Directive: org.apache.velocity.runtime.directive.Include
2015-04-07 13:57:47,624 - Loaded System Directive: org.apache.velocity.runtime.directive.Foreach
2015-04-07 13:57:47,650 - Created: 20 parsers.
2015-04-07 13:57:47,659 - Velocimacro : initialization starting.
2015-04-07 13:57:47,659 - Velocimacro : adding VMs from VM library template : VM_global_library.vm
2015-04-07 13:57:47,668 - ResourceManager : unable to find resource 'VM_global_library.vm' in any resource loader.
2015-04-07 13:57:47,668 - Velocimacro : error using  VM library template VM_global_library.vm : org.apache.velocity.exception.ResourceNotFoundException: Unable to find resource 'VM_global_library.vm'
2015-04-07 13:57:47,668 - Velocimacro :  VM library template macro registration complete.
2015-04-07 13:57:47,668 - Velocimacro : allowInline = true : VMs can be defined inline in templates
2015-04-07 13:57:47,669 - Velocimacro : allowInlineToOverride = false : VMs defined inline may NOT replace previous VM definitions
2015-04-07 13:57:47,669 - Velocimacro : allowInlineLocal = false : VMs defined inline will be  global in scope if allowed.
2015-04-07 13:57:47,669 - Velocimacro : messages on  : VM system will output logging messages
2015-04-07 13:57:47,669 - Velocimacro : autoload off  : VM system will not automatically reload global library macros
2015-04-07 13:57:47,669 - Velocimacro : initialization complete.
2015-04-07 13:57:47,669 - Velocity successfully started.
2015-04-22 13:01:29,530 - SimpleLog4JLogSystem initialized using logfile 'velocity.log'
2015-04-22 13:01:29,568 - ************************************************************** 
2015-04-22 13:01:29,568 - Starting Jakarta Velocity v1.4
2015-04-22 13:01:29,568 - RuntimeInstance initializing.
2015-04-22 13:01:29,568 - Default Properties File: org\apache\velocity\runtime\defaults\velocity.properties
2015-04-22 13:01:29,568 - Trying to use logger class org.apache.velocity.runtime.log.SimpleLog4JLogSystem
2015-04-22 13:01:29,568 - Using logger class org.apache.velocity.runtime.log.SimpleLog4JLogSystem
2015-04-22 13:01:29,573 - Default ResourceManager initializing. (class org.apache.velocity.runtime.resource.ResourceManagerImpl)
2015-04-22 13:01:29,576 - Resource Loader Instantiated: org.apache.velocity.runtime.resource.loader.ClasspathResourceLoader
2015-04-22 13:01:29,576 - ClasspathResourceLoader : initialization starting.
2015-04-22 13:01:29,576 - ClasspathResourceLoader : initialization complete.
2015-04-22 13:01:29,579 - ResourceCache : initialized. (class org.apache.velocity.runtime.resource.ResourceCacheImpl)
2015-04-22 13:01:29,579 - Default ResourceManager initialization complete.
2015-04-22 13:01:29,584 - Loaded System Directive: org.apache.velocity.runtime.directive.Literal
2015-04-22 13:01:29,586 - Loaded System Directive: org.apache.velocity.runtime.directive.Macro
2015-04-22 13:01:29,589 - Loaded System Directive: org.apache.velocity.runtime.directive.Parse
2015-04-22 13:01:29,592 - Loaded System Directive: org.apache.velocity.runtime.directive.Include
2015-04-22 13:01:29,593 - Loaded System Directive: org.apache.velocity.runtime.directive.Foreach
2015-04-22 13:01:29,630 - Created: 20 parsers.
2015-04-22 13:01:29,641 - Velocimacro : initialization starting.
2015-04-22 13:01:29,641 - Velocimacro : adding VMs from VM library template : VM_global_library.vm
2015-04-22 13:01:29,653 - ResourceManager : unable to find resource 'VM_global_library.vm' in any resource loader.
2015-04-22 13:01:29,654 - Velocimacro : error using  VM library template VM_global_library.vm : org.apache.velocity.exception.ResourceNotFoundException: Unable to find resource 'VM_global_library.vm'
2015-04-22 13:01:29,654 - Velocimacro :  VM library template macro registration complete.
2015-04-22 13:01:29,654 - Velocimacro : allowInline = true : VMs can be defined inline in templates
2015-04-22 13:01:29,654 - Velocimacro : allowInlineToOverride = false : VMs defined inline may NOT replace previous VM definitions
2015-04-22 13:01:29,654 - Velocimacro : allowInlineLocal = false : VMs defined inline will be  global in scope if allowed.
2015-04-22 13:01:29,654 - Velocimacro : messages on  : VM system will output logging messages
2015-04-22 13:01:29,654 - Velocimacro : autoload off  : VM system will not automatically reload global library macros
2015-04-22 13:01:29,654 - Velocimacro : initialization complete.
2015-04-22 13:01:29,654 - Velocity successfully started.
