2014-05-13 16:54:17,392 - SimpleLog4JLogSystem initialized using logfile 'velocity.log'
2014-05-13 16:54:17,392 - ************************************************************** 
2014-05-13 16:54:17,392 - Starting Jakarta Velocity v1.4
2014-05-13 16:54:17,392 - RuntimeInstance initializing.
2014-05-13 16:54:17,392 - Default Properties File: org\apache\velocity\runtime\defaults\velocity.properties
2014-05-13 16:54:17,392 - Trying to use logger class org.apache.velocity.runtime.log.SimpleLog4JLogSystem
2014-05-13 16:54:17,392 - Using logger class org.apache.velocity.runtime.log.SimpleLog4JLogSystem
2014-05-13 16:54:17,392 - Default ResourceManager initializing. (class org.apache.velocity.runtime.resource.ResourceManagerImpl)
2014-05-13 16:54:17,392 - Resource Loader Instantiated: org.apache.velocity.runtime.resource.loader.ClasspathResourceLoader
2014-05-13 16:54:17,392 - ClasspathResourceLoader : initialization starting.
2014-05-13 16:54:17,392 - ClasspathResourceLoader : initialization complete.
2014-05-13 16:54:17,408 - ResourceCache : initialized. (class org.apache.velocity.runtime.resource.ResourceCacheImpl)
2014-05-13 16:54:17,408 - Default ResourceManager initialization complete.
2014-05-13 16:54:17,408 - Loaded System Directive: org.apache.velocity.runtime.directive.Literal
2014-05-13 16:54:17,408 - Loaded System Directive: org.apache.velocity.runtime.directive.Macro
2014-05-13 16:54:17,408 - Loaded System Directive: org.apache.velocity.runtime.directive.Parse
2014-05-13 16:54:17,408 - Loaded System Directive: org.apache.velocity.runtime.directive.Include
2014-05-13 16:54:17,423 - Loaded System Directive: org.apache.velocity.runtime.directive.Foreach
2014-05-13 16:54:17,470 - Created: 20 parsers.
2014-05-13 16:54:17,470 - Velocimacro : initialization starting.
2014-05-13 16:54:17,470 - Velocimacro : adding VMs from VM library template : VM_global_library.vm
2014-05-13 16:54:17,486 - ResourceManager : unable to find resource 'VM_global_library.vm' in any resource loader.
2014-05-13 16:54:17,486 - Velocimacro : error using  VM library template VM_global_library.vm : org.apache.velocity.exception.ResourceNotFoundException: Unable to find resource 'VM_global_library.vm'
2014-05-13 16:54:17,486 - Velocimacro :  VM library template macro registration complete.
2014-05-13 16:54:17,486 - Velocimacro : allowInline = true : VMs can be defined inline in templates
2014-05-13 16:54:17,486 - Velocimacro : allowInlineToOverride = false : VMs defined inline may NOT replace previous VM definitions
2014-05-13 16:54:17,486 - Velocimacro : allowInlineLocal = false : VMs defined inline will be  global in scope if allowed.
2014-05-13 16:54:17,486 - Velocimacro : messages on  : VM system will output logging messages
2014-05-13 16:54:17,486 - Velocimacro : autoload off  : VM system will not automatically reload global library macros
2014-05-13 16:54:17,486 - Velocimacro : initialization complete.
2014-05-13 16:54:17,486 - Velocity successfully started.
2015-03-16 17:32:54,110 - SimpleLog4JLogSystem initialized using logfile 'velocity.log'
2015-03-16 17:32:54,110 - ************************************************************** 
2015-03-16 17:32:54,110 - Starting Jakarta Velocity v1.4
2015-03-16 17:32:54,110 - RuntimeInstance initializing.
2015-03-16 17:32:54,110 - Default Properties File: org\apache\velocity\runtime\defaults\velocity.properties
2015-03-16 17:32:54,110 - Trying to use logger class org.apache.velocity.runtime.log.SimpleLog4JLogSystem
2015-03-16 17:32:54,110 - Using logger class org.apache.velocity.runtime.log.SimpleLog4JLogSystem
2015-03-16 17:32:54,114 - Default ResourceManager initializing. (class org.apache.velocity.runtime.resource.ResourceManagerImpl)
2015-03-16 17:32:54,117 - Resource Loader Instantiated: org.apache.velocity.runtime.resource.loader.ClasspathResourceLoader
2015-03-16 17:32:54,117 - ClasspathResourceLoader : initialization starting.
2015-03-16 17:32:54,117 - ClasspathResourceLoader : initialization complete.
2015-03-16 17:32:54,119 - ResourceCache : initialized. (class org.apache.velocity.runtime.resource.ResourceCacheImpl)
2015-03-16 17:32:54,119 - Default ResourceManager initialization complete.
2015-03-16 17:32:54,126 - Loaded System Directive: org.apache.velocity.runtime.directive.Literal
2015-03-16 17:32:54,128 - Loaded System Directive: org.apache.velocity.runtime.directive.Macro
2015-03-16 17:32:54,131 - Loaded System Directive: org.apache.velocity.runtime.directive.Parse
2015-03-16 17:32:54,134 - Loaded System Directive: org.apache.velocity.runtime.directive.Include
2015-03-16 17:32:54,135 - Loaded System Directive: org.apache.velocity.runtime.directive.Foreach
2015-03-16 17:32:54,164 - Created: 20 parsers.
2015-03-16 17:32:54,173 - Velocimacro : initialization starting.
2015-03-16 17:32:54,173 - Velocimacro : adding VMs from VM library template : VM_global_library.vm
2015-03-16 17:32:54,185 - ResourceManager : unable to find resource 'VM_global_library.vm' in any resource loader.
2015-03-16 17:32:54,185 - Velocimacro : error using  VM library template VM_global_library.vm : org.apache.velocity.exception.ResourceNotFoundException: Unable to find resource 'VM_global_library.vm'
2015-03-16 17:32:54,185 - Velocimacro :  VM library template macro registration complete.
2015-03-16 17:32:54,185 - Velocimacro : allowInline = true : VMs can be defined inline in templates
2015-03-16 17:32:54,185 - Velocimacro : allowInlineToOverride = false : VMs defined inline may NOT replace previous VM definitions
2015-03-16 17:32:54,186 - Velocimacro : allowInlineLocal = false : VMs defined inline will be  global in scope if allowed.
2015-03-16 17:32:54,186 - Velocimacro : messages on  : VM system will output logging messages
2015-03-16 17:32:54,186 - Velocimacro : autoload off  : VM system will not automatically reload global library macros
2015-03-16 17:32:54,186 - Velocimacro : initialization complete.
2015-03-16 17:32:54,186 - Velocity successfully started.
2015-03-16 17:37:29,175 - SimpleLog4JLogSystem initialized using logfile 'velocity.log'
2015-03-16 17:37:29,175 - ************************************************************** 
2015-03-16 17:37:29,175 - Starting Jakarta Velocity v1.4
2015-03-16 17:37:29,175 - RuntimeInstance initializing.
2015-03-16 17:37:29,175 - Default Properties File: org\apache\velocity\runtime\defaults\velocity.properties
2015-03-16 17:37:29,175 - Trying to use logger class org.apache.velocity.runtime.log.SimpleLog4JLogSystem
2015-03-16 17:37:29,175 - Using logger class org.apache.velocity.runtime.log.SimpleLog4JLogSystem
2015-03-16 17:37:29,180 - Default ResourceManager initializing. (class org.apache.velocity.runtime.resource.ResourceManagerImpl)
2015-03-16 17:37:29,184 - Resource Loader Instantiated: org.apache.velocity.runtime.resource.loader.ClasspathResourceLoader
2015-03-16 17:37:29,184 - ClasspathResourceLoader : initialization starting.
2015-03-16 17:37:29,184 - ClasspathResourceLoader : initialization complete.
2015-03-16 17:37:29,186 - ResourceCache : initialized. (class org.apache.velocity.runtime.resource.ResourceCacheImpl)
2015-03-16 17:37:29,186 - Default ResourceManager initialization complete.
2015-03-16 17:37:29,191 - Loaded System Directive: org.apache.velocity.runtime.directive.Literal
2015-03-16 17:37:29,193 - Loaded System Directive: org.apache.velocity.runtime.directive.Macro
2015-03-16 17:37:29,197 - Loaded System Directive: org.apache.velocity.runtime.directive.Parse
2015-03-16 17:37:29,199 - Loaded System Directive: org.apache.velocity.runtime.directive.Include
2015-03-16 17:37:29,201 - Loaded System Directive: org.apache.velocity.runtime.directive.Foreach
2015-03-16 17:37:29,231 - Created: 20 parsers.
2015-03-16 17:37:29,242 - Velocimacro : initialization starting.
2015-03-16 17:37:29,242 - Velocimacro : adding VMs from VM library template : VM_global_library.vm
2015-03-16 17:37:29,254 - ResourceManager : unable to find resource 'VM_global_library.vm' in any resource loader.
2015-03-16 17:37:29,254 - Velocimacro : error using  VM library template VM_global_library.vm : org.apache.velocity.exception.ResourceNotFoundException: Unable to find resource 'VM_global_library.vm'
2015-03-16 17:37:29,254 - Velocimacro :  VM library template macro registration complete.
2015-03-16 17:37:29,254 - Velocimacro : allowInline = true : VMs can be defined inline in templates
2015-03-16 17:37:29,254 - Velocimacro : allowInlineToOverride = false : VMs defined inline may NOT replace previous VM definitions
2015-03-16 17:37:29,254 - Velocimacro : allowInlineLocal = false : VMs defined inline will be  global in scope if allowed.
2015-03-16 17:37:29,254 - Velocimacro : messages on  : VM system will output logging messages
2015-03-16 17:37:29,254 - Velocimacro : autoload off  : VM system will not automatically reload global library macros
2015-03-16 17:37:29,254 - Velocimacro : initialization complete.
2015-03-16 17:37:29,254 - Velocity successfully started.
2015-03-17 15:25:17,234 - SimpleLog4JLogSystem initialized using logfile 'velocity.log'
2015-03-17 15:25:17,249 - ************************************************************** 
2015-03-17 15:25:17,249 - Starting Jakarta Velocity v1.4
2015-03-17 15:25:17,249 - RuntimeInstance initializing.
2015-03-17 15:25:17,249 - Default Properties File: org\apache\velocity\runtime\defaults\velocity.properties
2015-03-17 15:25:17,249 - Trying to use logger class org.apache.velocity.runtime.log.SimpleLog4JLogSystem
2015-03-17 15:25:17,249 - Using logger class org.apache.velocity.runtime.log.SimpleLog4JLogSystem
2015-03-17 15:25:17,265 - Default ResourceManager initializing. (class org.apache.velocity.runtime.resource.ResourceManagerImpl)
2015-03-17 15:25:17,265 - Resource Loader Instantiated: org.apache.velocity.runtime.resource.loader.ClasspathResourceLoader
2015-03-17 15:25:17,265 - ClasspathResourceLoader : initialization starting.
2015-03-17 15:25:17,265 - ClasspathResourceLoader : initialization complete.
2015-03-17 15:25:17,265 - ResourceCache : initialized. (class org.apache.velocity.runtime.resource.ResourceCacheImpl)
2015-03-17 15:25:17,265 - Default ResourceManager initialization complete.
2015-03-17 15:25:17,265 - Loaded System Directive: org.apache.velocity.runtime.directive.Literal
2015-03-17 15:25:17,265 - Loaded System Directive: org.apache.velocity.runtime.directive.Macro
2015-03-17 15:25:17,265 - Loaded System Directive: org.apache.velocity.runtime.directive.Parse
2015-03-17 15:25:17,265 - Loaded System Directive: org.apache.velocity.runtime.directive.Include
2015-03-17 15:25:17,265 - Loaded System Directive: org.apache.velocity.runtime.directive.Foreach
2015-03-17 15:25:17,296 - Created: 20 parsers.
2015-03-17 15:25:17,296 - Velocimacro : initialization starting.
2015-03-17 15:25:17,296 - Velocimacro : adding VMs from VM library template : VM_global_library.vm
2015-03-17 15:25:17,312 - ResourceManager : unable to find resource 'VM_global_library.vm' in any resource loader.
2015-03-17 15:25:17,312 - Velocimacro : error using  VM library template VM_global_library.vm : org.apache.velocity.exception.ResourceNotFoundException: Unable to find resource 'VM_global_library.vm'
2015-03-17 15:25:17,312 - Velocimacro :  VM library template macro registration complete.
2015-03-17 15:25:17,312 - Velocimacro : allowInline = true : VMs can be defined inline in templates
2015-03-17 15:25:17,312 - Velocimacro : allowInlineToOverride = false : VMs defined inline may NOT replace previous VM definitions
2015-03-17 15:25:17,312 - Velocimacro : allowInlineLocal = false : VMs defined inline will be  global in scope if allowed.
2015-03-17 15:25:17,312 - Velocimacro : messages on  : VM system will output logging messages
2015-03-17 15:25:17,312 - Velocimacro : autoload off  : VM system will not automatically reload global library macros
2015-03-17 15:25:17,312 - Velocimacro : initialization complete.
2015-03-17 15:25:17,312 - Velocity successfully started.
2015-03-17 15:47:20,156 - SimpleLog4JLogSystem initialized using logfile 'velocity.log'
2015-03-17 15:47:20,156 - ************************************************************** 
2015-03-17 15:47:20,156 - Starting Jakarta Velocity v1.4
2015-03-17 15:47:20,156 - RuntimeInstance initializing.
2015-03-17 15:47:20,156 - Default Properties File: org\apache\velocity\runtime\defaults\velocity.properties
2015-03-17 15:47:20,156 - Trying to use logger class org.apache.velocity.runtime.log.SimpleLog4JLogSystem
2015-03-17 15:47:20,156 - Using logger class org.apache.velocity.runtime.log.SimpleLog4JLogSystem
2015-03-17 15:47:20,172 - Default ResourceManager initializing. (class org.apache.velocity.runtime.resource.ResourceManagerImpl)
2015-03-17 15:47:20,172 - Resource Loader Instantiated: org.apache.velocity.runtime.resource.loader.ClasspathResourceLoader
2015-03-17 15:47:20,172 - ClasspathResourceLoader : initialization starting.
2015-03-17 15:47:20,172 - ClasspathResourceLoader : initialization complete.
2015-03-17 15:47:20,172 - ResourceCache : initialized. (class org.apache.velocity.runtime.resource.ResourceCacheImpl)
2015-03-17 15:47:20,172 - Default ResourceManager initialization complete.
2015-03-17 15:47:20,172 - Loaded System Directive: org.apache.velocity.runtime.directive.Literal
2015-03-17 15:47:20,172 - Loaded System Directive: org.apache.velocity.runtime.directive.Macro
2015-03-17 15:47:20,187 - Loaded System Directive: org.apache.velocity.runtime.directive.Parse
2015-03-17 15:47:20,187 - Loaded System Directive: org.apache.velocity.runtime.directive.Include
2015-03-17 15:47:20,187 - Loaded System Directive: org.apache.velocity.runtime.directive.Foreach
2015-03-17 15:47:20,203 - Created: 20 parsers.
2015-03-17 15:47:20,219 - Velocimacro : initialization starting.
2015-03-17 15:47:20,219 - Velocimacro : adding VMs from VM library template : VM_global_library.vm
2015-03-17 15:47:20,219 - ResourceManager : unable to find resource 'VM_global_library.vm' in any resource loader.
2015-03-17 15:47:20,219 - Velocimacro : error using  VM library template VM_global_library.vm : org.apache.velocity.exception.ResourceNotFoundException: Unable to find resource 'VM_global_library.vm'
2015-03-17 15:47:20,219 - Velocimacro :  VM library template macro registration complete.
2015-03-17 15:47:20,219 - Velocimacro : allowInline = true : VMs can be defined inline in templates
2015-03-17 15:47:20,219 - Velocimacro : allowInlineToOverride = false : VMs defined inline may NOT replace previous VM definitions
2015-03-17 15:47:20,219 - Velocimacro : allowInlineLocal = false : VMs defined inline will be  global in scope if allowed.
2015-03-17 15:47:20,219 - Velocimacro : messages on  : VM system will output logging messages
2015-03-17 15:47:20,219 - Velocimacro : autoload off  : VM system will not automatically reload global library macros
2015-03-17 15:47:20,219 - Velocimacro : initialization complete.
2015-03-17 15:47:20,219 - Velocity successfully started.
2015-04-22 13:49:52,251 - SimpleLog4JLogSystem initialized using logfile 'velocity.log'
2015-04-22 13:49:52,591 - ************************************************************** 
2015-04-22 13:49:52,591 - Starting Jakarta Velocity v1.4
2015-04-22 13:49:52,591 - RuntimeInstance initializing.
2015-04-22 13:49:52,591 - Default Properties File: org\apache\velocity\runtime\defaults\velocity.properties
2015-04-22 13:49:52,591 - Trying to use logger class org.apache.velocity.runtime.log.SimpleLog4JLogSystem
2015-04-22 13:49:52,591 - Using logger class org.apache.velocity.runtime.log.SimpleLog4JLogSystem
2015-04-22 13:49:52,591 - Default ResourceManager initializing. (class org.apache.velocity.runtime.resource.ResourceManagerImpl)
2015-04-22 13:49:52,601 - Resource Loader Instantiated: org.apache.velocity.runtime.resource.loader.ClasspathResourceLoader
2015-04-22 13:49:52,601 - ClasspathResourceLoader : initialization starting.
2015-04-22 13:49:52,601 - ClasspathResourceLoader : initialization complete.
2015-04-22 13:49:52,611 - ResourceCache : initialized. (class org.apache.velocity.runtime.resource.ResourceCacheImpl)
2015-04-22 13:49:52,611 - Default ResourceManager initialization complete.
2015-04-22 13:49:52,611 - Loaded System Directive: org.apache.velocity.runtime.directive.Literal
2015-04-22 13:49:52,621 - Loaded System Directive: org.apache.velocity.runtime.directive.Macro
2015-04-22 13:49:52,621 - Loaded System Directive: org.apache.velocity.runtime.directive.Parse
2015-04-22 13:49:52,621 - Loaded System Directive: org.apache.velocity.runtime.directive.Include
2015-04-22 13:49:52,621 - Loaded System Directive: org.apache.velocity.runtime.directive.Foreach
2015-04-22 13:49:52,651 - Created: 20 parsers.
2015-04-22 13:49:52,661 - Velocimacro : initialization starting.
2015-04-22 13:49:52,661 - Velocimacro : adding VMs from VM library template : VM_global_library.vm
2015-04-22 13:49:52,671 - ResourceManager : unable to find resource 'VM_global_library.vm' in any resource loader.
2015-04-22 13:49:52,671 - Velocimacro : error using  VM library template VM_global_library.vm : org.apache.velocity.exception.ResourceNotFoundException: Unable to find resource 'VM_global_library.vm'
2015-04-22 13:49:52,671 - Velocimacro :  VM library template macro registration complete.
2015-04-22 13:49:52,671 - Velocimacro : allowInline = true : VMs can be defined inline in templates
2015-04-22 13:49:52,671 - Velocimacro : allowInlineToOverride = false : VMs defined inline may NOT replace previous VM definitions
2015-04-22 13:49:52,671 - Velocimacro : allowInlineLocal = false : VMs defined inline will be  global in scope if allowed.
2015-04-22 13:49:52,671 - Velocimacro : messages on  : VM system will output logging messages
2015-04-22 13:49:52,671 - Velocimacro : autoload off  : VM system will not automatically reload global library macros
2015-04-22 13:49:52,671 - Velocimacro : initialization complete.
2015-04-22 13:49:52,671 - Velocity successfully started.
