2014-05-13 18:17:14,522 - SimpleLog4JLogSystem initialized using logfile 'velocity.log'
2014-05-13 18:17:14,522 - ************************************************************** 
2014-05-13 18:17:14,522 - Starting Jakarta Velocity v1.4
2014-05-13 18:17:14,522 - RuntimeInstance initializing.
2014-05-13 18:17:14,522 - Default Properties File: org\apache\velocity\runtime\defaults\velocity.properties
2014-05-13 18:17:14,522 - Trying to use logger class org.apache.velocity.runtime.log.SimpleLog4JLogSystem
2014-05-13 18:17:14,522 - Using logger class org.apache.velocity.runtime.log.SimpleLog4JLogSystem
2014-05-13 18:17:14,538 - Default ResourceManager initializing. (class org.apache.velocity.runtime.resource.ResourceManagerImpl)
2014-05-13 18:17:14,538 - Resource Loader Instantiated: org.apache.velocity.runtime.resource.loader.ClasspathResourceLoader
2014-05-13 18:17:14,538 - ClasspathResourceLoader : initialization starting.
2014-05-13 18:17:14,538 - ClasspathResourceLoader : initialization complete.
2014-05-13 18:17:14,538 - ResourceCache : initialized. (class org.apache.velocity.runtime.resource.ResourceCacheImpl)
2014-05-13 18:17:14,538 - Default ResourceManager initialization complete.
2014-05-13 18:17:14,538 - Loaded System Directive: org.apache.velocity.runtime.directive.Literal
2014-05-13 18:17:14,538 - Loaded System Directive: org.apache.velocity.runtime.directive.Macro
2014-05-13 18:17:14,553 - Loaded System Directive: org.apache.velocity.runtime.directive.Parse
2014-05-13 18:17:14,553 - Loaded System Directive: org.apache.velocity.runtime.directive.Include
2014-05-13 18:17:14,553 - Loaded System Directive: org.apache.velocity.runtime.directive.Foreach
2014-05-13 18:17:14,584 - Created: 20 parsers.
2014-05-13 18:17:14,584 - Velocimacro : initialization starting.
2014-05-13 18:17:14,584 - Velocimacro : adding VMs from VM library template : VM_global_library.vm
2014-05-13 18:17:14,584 - ResourceManager : unable to find resource 'VM_global_library.vm' in any resource loader.
2014-05-13 18:17:14,584 - Velocimacro : error using  VM library template VM_global_library.vm : org.apache.velocity.exception.ResourceNotFoundException: Unable to find resource 'VM_global_library.vm'
2014-05-13 18:17:14,584 - Velocimacro :  VM library template macro registration complete.
2014-05-13 18:17:14,584 - Velocimacro : allowInline = true : VMs can be defined inline in templates
2014-05-13 18:17:14,584 - Velocimacro : allowInlineToOverride = false : VMs defined inline may NOT replace previous VM definitions
2014-05-13 18:17:14,584 - Velocimacro : allowInlineLocal = false : VMs defined inline will be  global in scope if allowed.
2014-05-13 18:17:14,584 - Velocimacro : messages on  : VM system will output logging messages
2014-05-13 18:17:14,584 - Velocimacro : autoload off  : VM system will not automatically reload global library macros
2014-05-13 18:17:14,584 - Velocimacro : initialization complete.
2014-05-13 18:17:14,584 - Velocity successfully started.
2014-05-13 18:17:23,835 - ResourceManager : found repast/simphony/scenario/Scenario.vt with loader org.apache.velocity.runtime.resource.loader.ClasspathResourceLoader
2015-04-22 13:16:09,206 - SimpleLog4JLogSystem initialized using logfile 'velocity.log'
2015-04-22 13:16:09,236 - ************************************************************** 
2015-04-22 13:16:09,236 - Starting Jakarta Velocity v1.4
2015-04-22 13:16:09,236 - RuntimeInstance initializing.
2015-04-22 13:16:09,236 - Default Properties File: org\apache\velocity\runtime\defaults\velocity.properties
2015-04-22 13:16:09,236 - Trying to use logger class org.apache.velocity.runtime.log.SimpleLog4JLogSystem
2015-04-22 13:16:09,236 - Using logger class org.apache.velocity.runtime.log.SimpleLog4JLogSystem
2015-04-22 13:16:09,246 - Default ResourceManager initializing. (class org.apache.velocity.runtime.resource.ResourceManagerImpl)
2015-04-22 13:16:09,256 - Resource Loader Instantiated: org.apache.velocity.runtime.resource.loader.ClasspathResourceLoader
2015-04-22 13:16:09,256 - ClasspathResourceLoader : initialization starting.
2015-04-22 13:16:09,256 - ClasspathResourceLoader : initialization complete.
2015-04-22 13:16:09,266 - ResourceCache : initialized. (class org.apache.velocity.runtime.resource.ResourceCacheImpl)
2015-04-22 13:16:09,266 - Default ResourceManager initialization complete.
2015-04-22 13:16:09,276 - Loaded System Directive: org.apache.velocity.runtime.directive.Literal
2015-04-22 13:16:09,276 - Loaded System Directive: org.apache.velocity.runtime.directive.Macro
2015-04-22 13:16:09,286 - Loaded System Directive: org.apache.velocity.runtime.directive.Parse
2015-04-22 13:16:09,296 - Loaded System Directive: org.apache.velocity.runtime.directive.Include
2015-04-22 13:16:09,296 - Loaded System Directive: org.apache.velocity.runtime.directive.Foreach
2015-04-22 13:16:09,326 - Created: 20 parsers.
2015-04-22 13:16:09,336 - Velocimacro : initialization starting.
2015-04-22 13:16:09,336 - Velocimacro : adding VMs from VM library template : VM_global_library.vm
2015-04-22 13:16:09,356 - ResourceManager : unable to find resource 'VM_global_library.vm' in any resource loader.
2015-04-22 13:16:09,356 - Velocimacro : error using  VM library template VM_global_library.vm : org.apache.velocity.exception.ResourceNotFoundException: Unable to find resource 'VM_global_library.vm'
2015-04-22 13:16:09,356 - Velocimacro :  VM library template macro registration complete.
2015-04-22 13:16:09,356 - Velocimacro : allowInline = true : VMs can be defined inline in templates
2015-04-22 13:16:09,356 - Velocimacro : allowInlineToOverride = false : VMs defined inline may NOT replace previous VM definitions
2015-04-22 13:16:09,356 - Velocimacro : allowInlineLocal = false : VMs defined inline will be  global in scope if allowed.
2015-04-22 13:16:09,356 - Velocimacro : messages on  : VM system will output logging messages
2015-04-22 13:16:09,356 - Velocimacro : autoload off  : VM system will not automatically reload global library macros
2015-04-22 13:16:09,356 - Velocimacro : initialization complete.
2015-04-22 13:16:09,356 - Velocity successfully started.
